#
# There is insufficient memory for the Java Runtime Environment to continue.
# Native memory allocation (malloc) failed to allocate 2004480 bytes for Chunk::new
# Possible reasons:
#   The system is out of physical RAM or swap space
#   The process is running with CompressedOops enabled, and the Java Heap may be blocking the growth of the native heap
# Possible solutions:
#   Reduce memory load on the system
#   Increase physical memory or swap space
#   Check if swap backing store is full
#   Decrease Java heap size (-Xmx/-Xms)
#   Decrease number of Java threads
#   Decrease Java thread stack sizes (-Xss)
#   Set larger code cache with -XX:ReservedCodeCacheSize=
#   JVM is running with Unscaled Compressed Oops mode in which the Java heap is
#     placed in the first 4GB address space. The Java Heap base address is the
#     maximum limit for the native heap growth. Please use -XX:HeapBaseMinAddress
#     to set the Java Heap base and to place the Java Heap above 4GB virtual address.
# This output file may be truncated or incomplete.
#
#  Out of Memory Error (arena.cpp:189), pid=13980, tid=11948
#
# JRE version: OpenJDK Runtime Environment Temurin-17.0.3+7 (17.0.3+7) (build 17.0.3+7)
# Java VM: OpenJDK 64-Bit Server VM Temurin-17.0.3+7 (17.0.3+7, mixed mode, tiered, compressed oops, compressed class ptrs, g1 gc, windows-amd64)
# No core dump will be written. Minidumps are not enabled by default on client versions of Windows
#

---------------  S U M M A R Y ------------

Command Line: -Dfile.encoding=UTF-8 --module-path=C:\Users\CS219-user\eclipse-workspace\SeyarHazratGradeCalculator\bin;C:\JavaFX\javafx-sdk-16\lib\javafx-swt.jar;C:\JavaFX\javafx-sdk-16\lib\javafx.base.jar;C:\JavaFX\javafx-sdk-16\lib\javafx.controls.jar;C:\JavaFX\javafx-sdk-16\lib\javafx.fxml.jar;C:\JavaFX\javafx-sdk-16\lib\javafx.graphics.jar;C:\JavaFX\javafx-sdk-16\lib\javafx.media.jar;C:\JavaFX\javafx-sdk-16\lib\javafx.swing.jar;C:\JavaFX\javafx-sdk-16\lib\javafx.web.jar;C:\Program Files\Eclipse\plugins\org.eclipse.fx.ide.css.jfx8_3.8.0.202204150904.jar -XX:+ShowCodeDetailsInExceptionMessages -Djdk.module.main=SeyarHazratGradeCalculator SeyarHazratGradeCalculator/application.Main

Host: Intel(R) Xeon(R) Platinum 8272CL CPU @ 2.60GHz, 2 cores, 3G,  Windows 11 , 64 bit Build 22000 (10.0.22000.1335)
Time: Tue Jan 24 19:39:25 2023 Coordinated Universal Time elapsed time: 1.318705 seconds (0d 0h 0m 1s)

---------------  T H R E A D  ---------------

Current thread (0x000002d53fb93f30):  JavaThread "C2 CompilerThread0" daemon [_thread_in_native, id=11948, stack(0x000000e18d700000,0x000000e18d800000)]


Current CompileTask:
C2:   1318 1066   !   4       com.sun.javafx.css.ParsedValueImpl::readBinary (688 bytes)

Stack: [0x000000e18d700000,0x000000e18d800000]
Native frames: (J=compiled Java code, j=interpreted, Vv=VM code, C=native code)
V  [jvm.dll+0x675efa]
V  [jvm.dll+0x830a24]
V  [jvm.dll+0x8321ce]
V  [jvm.dll+0x832833]
V  [jvm.dll+0x2454b5]
V  [jvm.dll+0xabd7b]
V  [jvm.dll+0xac30c]
V  [jvm.dll+0x363627]
V  [jvm.dll+0x1bba02]
V  [jvm.dll+0x2184b9]
V  [jvm.dll+0x217781]
V  [jvm.dll+0x1a3ccd]
V  [jvm.dll+0x227178]
V  [jvm.dll+0x2252bc]
V  [jvm.dll+0x7e673b]
V  [jvm.dll+0x7e0cfa]
V  [jvm.dll+0x674d85]
C  [ucrtbase.dll+0x26c0c]
C  [KERNEL32.DLL+0x155a0]
C  [ntdll.dll+0x485b]


---------------  P R O C E S S  ---------------

Threads class SMR info:
_java_thread_list=0x000002d54111e210, length=17, elements={
0x000002d528edeb80, 0x000002d53fb27fd0, 0x000002d53fb2ab90, 0x000002d53fb8b2a0,
0x000002d53fb8bb60, 0x000002d53fb8ccb0, 0x000002d53fb91300, 0x000002d53fb93f30,
0x000002d53fb949d0, 0x000002d53fba0b10, 0x000002d5405a4fe0, 0x000002d540da9810,
0x000002d540cb0c90, 0x000002d540ccd090, 0x000002d5410fe250, 0x000002d5410982d0,
0x000002d5410987a0
}
_to_delete_list=0x000002d540e4db90, length=16, elements={
0x000002d528edeb80, 0x000002d53fb27fd0, 0x000002d53fb2ab90, 0x000002d53fb8b2a0,
0x000002d53fb8bb60, 0x000002d53fb8ccb0, 0x000002d53fb91300, 0x000002d53fb93f30,
0x000002d53fb949d0, 0x000002d53fba0b10, 0x000002d5405a4fe0, 0x000002d540da9810,
0x000002d540cb0c90, 0x000002d540ccd090, 0x000002d5410fe250, 0x000002d5410982d0
}

Java Threads: ( => current thread )
  0x000002d528edeb80 JavaThread "main" [_thread_blocked, id=12576, stack(0x000000e18ca00000,0x000000e18cb00000)]
  0x000002d53fb27fd0 JavaThread "Reference Handler" daemon [_thread_blocked, id=10580, stack(0x000000e18d100000,0x000000e18d200000)]
  0x000002d53fb2ab90 JavaThread "Finalizer" daemon [_thread_blocked, id=12812, stack(0x000000e18d200000,0x000000e18d300000)]
  0x000002d53fb8b2a0 JavaThread "Signal Dispatcher" daemon [_thread_blocked, id=11832, stack(0x000000e18d300000,0x000000e18d400000)]
  0x000002d53fb8bb60 JavaThread "Attach Listener" daemon [_thread_blocked, id=4072, stack(0x000000e18d400000,0x000000e18d500000)]
  0x000002d53fb8ccb0 JavaThread "Service Thread" daemon [_thread_blocked, id=11944, stack(0x000000e18d500000,0x000000e18d600000)]
  0x000002d53fb91300 JavaThread "Monitor Deflation Thread" daemon [_thread_blocked, id=10684, stack(0x000000e18d600000,0x000000e18d700000)]
=>0x000002d53fb93f30 JavaThread "C2 CompilerThread0" daemon [_thread_in_native, id=11948, stack(0x000000e18d700000,0x000000e18d800000)]
  0x000002d53fb949d0 JavaThread "C1 CompilerThread0" daemon [_thread_blocked, id=6404, stack(0x000000e18d800000,0x000000e18d900000)]
  0x000002d53fba0b10 JavaThread "Sweeper thread" daemon [_thread_blocked, id=13324, stack(0x000000e18d900000,0x000000e18da00000)]
  0x000002d5405a4fe0 JavaThread "Common-Cleaner" daemon [_thread_blocked, id=432, stack(0x000000e18da00000,0x000000e18db00000)]
  0x000002d540da9810 JavaThread "Notification Thread" daemon [_thread_blocked, id=11720, stack(0x000000e18dc00000,0x000000e18dd00000)]
  0x000002d540cb0c90 JavaThread "QuantumRenderer-0" daemon [_thread_blocked, id=10956, stack(0x000000e18de00000,0x000000e18df00000)]
  0x000002d540ccd090 JavaThread "InvokeLaterDispatcher" daemon [_thread_blocked, id=8184, stack(0x000000e18df00000,0x000000e18e000000)]
  0x000002d5410fe250 JavaThread "JavaFX Application Thread" [_thread_in_Java, id=8908, stack(0x000000e18e000000,0x000000e18e100000)]
  0x000002d5410982d0 JavaThread "Thread-1" daemon [_thread_in_native, id=13948, stack(0x000000e18e100000,0x000000e18e200000)]
  0x000002d5410987a0 JavaThread "JavaFX-Launcher" [_thread_blocked, id=8772, stack(0x000000e18e200000,0x000000e18e300000)]

Other Threads:
  0x000002d53fb251f0 VMThread "VM Thread" [stack: 0x000000e18d000000,0x000000e18d100000] [id=10752]
  0x000002d540da9ce0 WatcherThread [stack: 0x000000e18dd00000,0x000000e18de00000] [id=13620]
  0x000002d528f1add0 GCTaskThread "GC Thread#0" [stack: 0x000000e18cb00000,0x000000e18cc00000] [id=3928]
  0x000002d540784460 GCTaskThread "GC Thread#1" [stack: 0x000000e18db00000,0x000000e18dc00000] [id=2820]
  0x000002d528f23d10 ConcurrentGCThread "G1 Main Marker" [stack: 0x000000e18cc00000,0x000000e18cd00000] [id=14172]
  0x000002d528f25020 ConcurrentGCThread "G1 Conc#0" [stack: 0x000000e18cd00000,0x000000e18ce00000] [id=12756]
  0x000002d528f6ad10 ConcurrentGCThread "G1 Refine#0" [stack: 0x000000e18ce00000,0x000000e18cf00000] [id=13168]
  0x000002d528f6b730 ConcurrentGCThread "G1 Service" [stack: 0x000000e18cf00000,0x000000e18d000000] [id=12892]

Threads with active compile tasks:
C2 CompilerThread0     1411 1066   !   4       com.sun.javafx.css.ParsedValueImpl::readBinary (688 bytes)

VM state: not at safepoint (normal execution)

VM Mutex/Monitor currently owned by a thread: None

Heap address: 0x00000000c0000000, size: 1024 MB, Compressed Oops mode: 32-bit

CDS archive(s) not mapped
Compressed class space mapped at: 0x0000000100000000-0x0000000140000000, reserved size: 1073741824
Narrow klass base: 0x0000000000000000, Narrow klass shift: 3, Narrow klass range: 0x140000000

GC Precious Log:
 CPUs: 2 total, 2 available
 Memory: 4094M
 Large Page Support: Disabled
 NUMA Support: Disabled
 Compressed Oops: Enabled (32-bit)
 Heap Region Size: 1M
 Heap Min Capacity: 8M
 Heap Initial Capacity: 64M
 Heap Max Capacity: 1G
 Pre-touch: Disabled
 Parallel Workers: 2
 Concurrent Workers: 1
 Concurrent Refinement Workers: 2
 Periodic GC: Disabled

Heap:
 garbage-first heap   total 65536K, used 15567K [0x00000000c0000000, 0x0000000100000000)
  region size 1024K, 15 young (15360K), 2 survivors (2048K)
 Metaspace       used 17385K, committed 17600K, reserved 1064960K
  class space    used 2070K, committed 2176K, reserved 1048576K

Heap Regions: E=young(eden), S=young(survivor), O=old, HS=humongous(starts), HC=humongous(continues), CS=collection set, F=free, OA=open archive, CA=closed archive, TAMS=top-at-mark-start (previous, next)
|   0|0x00000000c0000000, 0x00000000c0100000, 0x00000000c0100000|100%| O|  |TAMS 0x00000000c0000000, 0x00000000c0000000| Untracked 
|   1|0x00000000c0100000, 0x00000000c0133c00, 0x00000000c0200000| 20%| O|  |TAMS 0x00000000c0100000, 0x00000000c0100000| Untracked 
|   2|0x00000000c0200000, 0x00000000c0200000, 0x00000000c0300000|  0%| F|  |TAMS 0x00000000c0200000, 0x00000000c0200000| Untracked 
|   3|0x00000000c0300000, 0x00000000c0300000, 0x00000000c0400000|  0%| F|  |TAMS 0x00000000c0300000, 0x00000000c0300000| Untracked 
|   4|0x00000000c0400000, 0x00000000c0400000, 0x00000000c0500000|  0%| F|  |TAMS 0x00000000c0400000, 0x00000000c0400000| Untracked 
|   5|0x00000000c0500000, 0x00000000c0500000, 0x00000000c0600000|  0%| F|  |TAMS 0x00000000c0500000, 0x00000000c0500000| Untracked 
|   6|0x00000000c0600000, 0x00000000c0600000, 0x00000000c0700000|  0%| F|  |TAMS 0x00000000c0600000, 0x00000000c0600000| Untracked 
|   7|0x00000000c0700000, 0x00000000c0700000, 0x00000000c0800000|  0%| F|  |TAMS 0x00000000c0700000, 0x00000000c0700000| Untracked 
|   8|0x00000000c0800000, 0x00000000c0800000, 0x00000000c0900000|  0%| F|  |TAMS 0x00000000c0800000, 0x00000000c0800000| Untracked 
|   9|0x00000000c0900000, 0x00000000c0900000, 0x00000000c0a00000|  0%| F|  |TAMS 0x00000000c0900000, 0x00000000c0900000| Untracked 
|  10|0x00000000c0a00000, 0x00000000c0a00000, 0x00000000c0b00000|  0%| F|  |TAMS 0x00000000c0a00000, 0x00000000c0a00000| Untracked 
|  11|0x00000000c0b00000, 0x00000000c0b00000, 0x00000000c0c00000|  0%| F|  |TAMS 0x00000000c0b00000, 0x00000000c0b00000| Untracked 
|  12|0x00000000c0c00000, 0x00000000c0c00000, 0x00000000c0d00000|  0%| F|  |TAMS 0x00000000c0c00000, 0x00000000c0c00000| Untracked 
|  13|0x00000000c0d00000, 0x00000000c0d00000, 0x00000000c0e00000|  0%| F|  |TAMS 0x00000000c0d00000, 0x00000000c0d00000| Untracked 
|  14|0x00000000c0e00000, 0x00000000c0e00000, 0x00000000c0f00000|  0%| F|  |TAMS 0x00000000c0e00000, 0x00000000c0e00000| Untracked 
|  15|0x00000000c0f00000, 0x00000000c0f00000, 0x00000000c1000000|  0%| F|  |TAMS 0x00000000c0f00000, 0x00000000c0f00000| Untracked 
|  16|0x00000000c1000000, 0x00000000c1000000, 0x00000000c1100000|  0%| F|  |TAMS 0x00000000c1000000, 0x00000000c1000000| Untracked 
|  17|0x00000000c1100000, 0x00000000c1100000, 0x00000000c1200000|  0%| F|  |TAMS 0x00000000c1100000, 0x00000000c1100000| Untracked 
|  18|0x00000000c1200000, 0x00000000c1200000, 0x00000000c1300000|  0%| F|  |TAMS 0x00000000c1200000, 0x00000000c1200000| Untracked 
|  19|0x00000000c1300000, 0x00000000c1300000, 0x00000000c1400000|  0%| F|  |TAMS 0x00000000c1300000, 0x00000000c1300000| Untracked 
|  20|0x00000000c1400000, 0x00000000c1400000, 0x00000000c1500000|  0%| F|  |TAMS 0x00000000c1400000, 0x00000000c1400000| Untracked 
|  21|0x00000000c1500000, 0x00000000c1500000, 0x00000000c1600000|  0%| F|  |TAMS 0x00000000c1500000, 0x00000000c1500000| Untracked 
|  22|0x00000000c1600000, 0x00000000c1600000, 0x00000000c1700000|  0%| F|  |TAMS 0x00000000c1600000, 0x00000000c1600000| Untracked 
|  23|0x00000000c1700000, 0x00000000c1700000, 0x00000000c1800000|  0%| F|  |TAMS 0x00000000c1700000, 0x00000000c1700000| Untracked 
|  24|0x00000000c1800000, 0x00000000c1800000, 0x00000000c1900000|  0%| F|  |TAMS 0x00000000c1800000, 0x00000000c1800000| Untracked 
|  25|0x00000000c1900000, 0x00000000c1900000, 0x00000000c1a00000|  0%| F|  |TAMS 0x00000000c1900000, 0x00000000c1900000| Untracked 
|  26|0x00000000c1a00000, 0x00000000c1a00000, 0x00000000c1b00000|  0%| F|  |TAMS 0x00000000c1a00000, 0x00000000c1a00000| Untracked 
|  27|0x00000000c1b00000, 0x00000000c1b00000, 0x00000000c1c00000|  0%| F|  |TAMS 0x00000000c1b00000, 0x00000000c1b00000| Untracked 
|  28|0x00000000c1c00000, 0x00000000c1c00000, 0x00000000c1d00000|  0%| F|  |TAMS 0x00000000c1c00000, 0x00000000c1c00000| Untracked 
|  29|0x00000000c1d00000, 0x00000000c1d00000, 0x00000000c1e00000|  0%| F|  |TAMS 0x00000000c1d00000, 0x00000000c1d00000| Untracked 
|  30|0x00000000c1e00000, 0x00000000c1e00000, 0x00000000c1f00000|  0%| F|  |TAMS 0x00000000c1e00000, 0x00000000c1e00000| Untracked 
|  31|0x00000000c1f00000, 0x00000000c1f00000, 0x00000000c2000000|  0%| F|  |TAMS 0x00000000c1f00000, 0x00000000c1f00000| Untracked 
|  32|0x00000000c2000000, 0x00000000c2000000, 0x00000000c2100000|  0%| F|  |TAMS 0x00000000c2000000, 0x00000000c2000000| Untracked 
|  33|0x00000000c2100000, 0x00000000c2100000, 0x00000000c2200000|  0%| F|  |TAMS 0x00000000c2100000, 0x00000000c2100000| Untracked 
|  34|0x00000000c2200000, 0x00000000c2200000, 0x00000000c2300000|  0%| F|  |TAMS 0x00000000c2200000, 0x00000000c2200000| Untracked 
|  35|0x00000000c2300000, 0x00000000c2300000, 0x00000000c2400000|  0%| F|  |TAMS 0x00000000c2300000, 0x00000000c2300000| Untracked 
|  36|0x00000000c2400000, 0x00000000c2400000, 0x00000000c2500000|  0%| F|  |TAMS 0x00000000c2400000, 0x00000000c2400000| Untracked 
|  37|0x00000000c2500000, 0x00000000c2500000, 0x00000000c2600000|  0%| F|  |TAMS 0x00000000c2500000, 0x00000000c2500000| Untracked 
|  38|0x00000000c2600000, 0x00000000c2600000, 0x00000000c2700000|  0%| F|  |TAMS 0x00000000c2600000, 0x00000000c2600000| Untracked 
|  39|0x00000000c2700000, 0x00000000c2700000, 0x00000000c2800000|  0%| F|  |TAMS 0x00000000c2700000, 0x00000000c2700000| Untracked 
|  40|0x00000000c2800000, 0x00000000c2800000, 0x00000000c2900000|  0%| F|  |TAMS 0x00000000c2800000, 0x00000000c2800000| Untracked 
|  41|0x00000000c2900000, 0x00000000c2900000, 0x00000000c2a00000|  0%| F|  |TAMS 0x00000000c2900000, 0x00000000c2900000| Untracked 
|  42|0x00000000c2a00000, 0x00000000c2a00000, 0x00000000c2b00000|  0%| F|  |TAMS 0x00000000c2a00000, 0x00000000c2a00000| Untracked 
|  43|0x00000000c2b00000, 0x00000000c2b00000, 0x00000000c2c00000|  0%| F|  |TAMS 0x00000000c2b00000, 0x00000000c2b00000| Untracked 
|  44|0x00000000c2c00000, 0x00000000c2c00000, 0x00000000c2d00000|  0%| F|  |TAMS 0x00000000c2c00000, 0x00000000c2c00000| Untracked 
|  45|0x00000000c2d00000, 0x00000000c2d00000, 0x00000000c2e00000|  0%| F|  |TAMS 0x00000000c2d00000, 0x00000000c2d00000| Untracked 
|  46|0x00000000c2e00000, 0x00000000c2e00000, 0x00000000c2f00000|  0%| F|  |TAMS 0x00000000c2e00000, 0x00000000c2e00000| Untracked 
|  47|0x00000000c2f00000, 0x00000000c2f00000, 0x00000000c3000000|  0%| F|  |TAMS 0x00000000c2f00000, 0x00000000c2f00000| Untracked 
|  48|0x00000000c3000000, 0x00000000c3000000, 0x00000000c3100000|  0%| F|  |TAMS 0x00000000c3000000, 0x00000000c3000000| Untracked 
|  49|0x00000000c3100000, 0x00000000c31d48b8, 0x00000000c3200000| 83%| E|  |TAMS 0x00000000c3100000, 0x00000000c3100000| Complete 
|  50|0x00000000c3200000, 0x00000000c3300000, 0x00000000c3300000|100%| S|CS|TAMS 0x00000000c3200000, 0x00000000c3200000| Complete 
|  51|0x00000000c3300000, 0x00000000c3400000, 0x00000000c3400000|100%| S|CS|TAMS 0x00000000c3300000, 0x00000000c3300000| Complete 
|  52|0x00000000c3400000, 0x00000000c3500000, 0x00000000c3500000|100%| E|CS|TAMS 0x00000000c3400000, 0x00000000c3400000| Complete 
|  53|0x00000000c3500000, 0x00000000c3600000, 0x00000000c3600000|100%| E|CS|TAMS 0x00000000c3500000, 0x00000000c3500000| Complete 
|  54|0x00000000c3600000, 0x00000000c3700000, 0x00000000c3700000|100%| E|CS|TAMS 0x00000000c3600000, 0x00000000c3600000| Complete 
|  55|0x00000000c3700000, 0x00000000c3800000, 0x00000000c3800000|100%| E|CS|TAMS 0x00000000c3700000, 0x00000000c3700000| Complete 
|  56|0x00000000c3800000, 0x00000000c3900000, 0x00000000c3900000|100%| E|CS|TAMS 0x00000000c3800000, 0x00000000c3800000| Complete 
|  57|0x00000000c3900000, 0x00000000c3a00000, 0x00000000c3a00000|100%| E|CS|TAMS 0x00000000c3900000, 0x00000000c3900000| Complete 
|  58|0x00000000c3a00000, 0x00000000c3b00000, 0x00000000c3b00000|100%| E|CS|TAMS 0x00000000c3a00000, 0x00000000c3a00000| Complete 
|  59|0x00000000c3b00000, 0x00000000c3c00000, 0x00000000c3c00000|100%| E|CS|TAMS 0x00000000c3b00000, 0x00000000c3b00000| Complete 
|  60|0x00000000c3c00000, 0x00000000c3d00000, 0x00000000c3d00000|100%| E|CS|TAMS 0x00000000c3c00000, 0x00000000c3c00000| Complete 
|  61|0x00000000c3d00000, 0x00000000c3e00000, 0x00000000c3e00000|100%| E|CS|TAMS 0x00000000c3d00000, 0x00000000c3d00000| Complete 
|  62|0x00000000c3e00000, 0x00000000c3f00000, 0x00000000c3f00000|100%| E|CS|TAMS 0x00000000c3e00000, 0x00000000c3e00000| Complete 
|  63|0x00000000c3f00000, 0x00000000c4000000, 0x00000000c4000000|100%| E|CS|TAMS 0x00000000c3f00000, 0x00000000c3f00000| Complete 

Card table byte_map: [0x000002d528cc0000,0x000002d528ec0000] _byte_map_base: 0x000002d5286c0000

Marking Bits (Prev, Next): (CMBitMap*) 0x000002d528f1b3e0, (CMBitMap*) 0x000002d528f1b420
 Prev Bits: [0x000002d53b7a0000, 0x000002d53c7a0000)
 Next Bits: [0x000002d53c7a0000, 0x000002d53d7a0000)

Polling page: 0x000002d526de0000

Metaspace:

Usage:
  Non-class:     14.98 MB used.
      Class:      2.04 MB used.
       Both:     17.01 MB used.

Virtual space:
  Non-class space:       16.00 MB reserved,      15.06 MB ( 94%) committed,  2 nodes.
      Class space:        1.00 GB reserved,       2.19 MB ( <1%) committed,  1 nodes.
             Both:        1.02 GB reserved,      17.25 MB (  2%) committed. 

Chunk freelists:
   Non-Class:  64.00 KB
       Class:  1.86 MB
        Both:  1.92 MB

MaxMetaspaceSize: unlimited
CompressedClassSpaceSize: 1.00 GB
Initial GC threshold: 21.00 MB
Current GC threshold: 21.00 MB
CDS: off
MetaspaceReclaimPolicy: balanced
 - commit_granule_bytes: 65536.
 - commit_granule_words: 8192.
 - virtual_space_node_default_size: 1048576.
 - enlarge_chunks_in_place: 1.
 - new_chunks_are_fully_committed: 0.
 - uncommit_free_chunks: 1.
 - use_allocation_guard: 0.
 - handle_deallocations: 1.


Internal statistics:

num_allocs_failed_limit: 0.
num_arena_births: 144.
num_arena_deaths: 0.
num_vsnodes_births: 3.
num_vsnodes_deaths: 0.
num_space_committed: 276.
num_space_uncommitted: 0.
num_chunks_returned_to_freelist: 0.
num_chunks_taken_from_freelist: 466.
num_chunk_merges: 0.
num_chunk_splits: 316.
num_chunks_enlarged: 249.
num_purges: 0.
num_inconsistent_stats: 0.

CodeHeap 'non-profiled nmethods': size=120064Kb used=339Kb max_used=339Kb free=119724Kb
 bounds [0x000002d534060000, 0x000002d5342d0000, 0x000002d53b5a0000]
CodeHeap 'profiled nmethods': size=120000Kb used=2079Kb max_used=2079Kb free=117920Kb
 bounds [0x000002d52cb30000, 0x000002d52cda0000, 0x000002d534060000]
CodeHeap 'non-nmethods': size=5696Kb used=1329Kb max_used=1329Kb free=4366Kb
 bounds [0x000002d52c5a0000, 0x000002d52c810000, 0x000002d52cb30000]
 total_blobs=1868 nmethods=1213 adapters=568
 compilation: enabled
              stopped_count=0, restarted_count=0
 full_count=0

Compilation events (20 events):
Event: 1.283 Thread 0x000002d53fb949d0 1183       1       javafx.scene.Node::getStyleClass (5 bytes)
Event: 1.283 Thread 0x000002d53fb949d0 nmethod 1183 0x000002d5340b3a90 code [0x000002d5340b3c20, 0x000002d5340b3cf8]
Event: 1.283 Thread 0x000002d53fb949d0 1184       3       java.util.HashMap::getNode (150 bytes)
Event: 1.284 Thread 0x000002d53fb949d0 nmethod 1184 0x000002d52cd1ff90 code [0x000002d52cd20200, 0x000002d52cd20ef8]
Event: 1.284 Thread 0x000002d53fb949d0 1185       1       javafx.css.CssMetaData::getProperty (5 bytes)
Event: 1.284 Thread 0x000002d53fb949d0 nmethod 1185 0x000002d5340b3d90 code [0x000002d5340b3f20, 0x000002d5340b3ff8]
Event: 1.285 Thread 0x000002d53fb949d0 1186       3       javafx.css.SimpleSelector::applies (54 bytes)
Event: 1.285 Thread 0x000002d53fb949d0 nmethod 1186 0x000002d52cd21290 code [0x000002d52cd21480, 0x000002d52cd21b18]
Event: 1.285 Thread 0x000002d53fb949d0 1187       3       javafx.css.SimpleSelector::matchStyleClasses (9 bytes)
Event: 1.285 Thread 0x000002d53fb949d0 nmethod 1187 0x000002d52cd21d10 code [0x000002d52cd21ec0, 0x000002d52cd22068]
Event: 1.285 Thread 0x000002d53fb949d0 1188       3       javafx.css.CompoundSelector::applies (144 bytes)
Event: 1.286 Thread 0x000002d53fb949d0 nmethod 1188 0x000002d52cd22190 code [0x000002d52cd22400, 0x000002d52cd22ef8]
Event: 1.288 Thread 0x000002d53fb949d0 1189       3       javafx.scene.Node::getStyleableParent (5 bytes)
Event: 1.289 Thread 0x000002d53fb949d0 nmethod 1189 0x000002d52cd23210 code [0x000002d52cd233e0, 0x000002d52cd23888]
Event: 1.305 Thread 0x000002d53fb949d0 1190       3       java.lang.StringLatin1::canEncode (13 bytes)
Event: 1.305 Thread 0x000002d53fb949d0 nmethod 1190 0x000002d52cd23a10 code [0x000002d52cd23ba0, 0x000002d52cd23cf8]
Event: 1.306 Thread 0x000002d53fb949d0 1191   !   3       java.lang.invoke.MethodHandleNatives::linkMethodHandleConstant (50 bytes)
Event: 1.306 Thread 0x000002d53fb949d0 nmethod 1191 0x000002d52cd23d90 code [0x000002d52cd23f60, 0x000002d52cd24148]
Event: 1.312 Thread 0x000002d53fb949d0 1192       3       sun.invoke.util.BytecodeDescriptor::unparseMethod (66 bytes)
Event: 1.313 Thread 0x000002d53fb949d0 nmethod 1192 0x000002d52cd24310 code [0x000002d52cd24540, 0x000002d52cd24bc8]

GC Heap History (6 events):
Event: 0.294 GC heap before
{Heap before GC invocations=0 (full 0):
 garbage-first heap   total 65536K, used 5120K [0x00000000c0000000, 0x0000000100000000)
  region size 1024K, 6 young (6144K), 0 survivors (0K)
 Metaspace       used 6444K, committed 6528K, reserved 1056768K
  class space    used 568K, committed 576K, reserved 1048576K
}
Event: 0.299 GC heap after
{Heap after GC invocations=1 (full 0):
 garbage-first heap   total 65536K, used 684K [0x00000000c0000000, 0x0000000100000000)
  region size 1024K, 1 young (1024K), 1 survivors (1024K)
 Metaspace       used 6444K, committed 6528K, reserved 1056768K
  class space    used 568K, committed 576K, reserved 1048576K
}
Event: 0.674 GC heap before
{Heap before GC invocations=1 (full 0):
 garbage-first heap   total 65536K, used 6828K [0x00000000c0000000, 0x0000000100000000)
  region size 1024K, 8 young (8192K), 1 survivors (1024K)
 Metaspace       used 9411K, committed 9536K, reserved 1064960K
  class space    used 891K, committed 960K, reserved 1048576K
}
Event: 0.678 GC heap after
{Heap after GC invocations=2 (full 0):
 garbage-first heap   total 65536K, used 1676K [0x00000000c0000000, 0x0000000100000000)
  region size 1024K, 1 young (1024K), 1 survivors (1024K)
 Metaspace       used 9411K, committed 9536K, reserved 1064960K
  class space    used 891K, committed 960K, reserved 1048576K
}
Event: 0.939 GC heap before
{Heap before GC invocations=2 (full 0):
 garbage-first heap   total 65536K, used 11916K [0x00000000c0000000, 0x0000000100000000)
  region size 1024K, 12 young (12288K), 1 survivors (1024K)
 Metaspace       used 13760K, committed 13952K, reserved 1064960K
  class space    used 1486K, committed 1600K, reserved 1048576K
}
Event: 0.946 GC heap after
{Heap after GC invocations=3 (full 0):
 garbage-first heap   total 65536K, used 3279K [0x00000000c0000000, 0x0000000100000000)
  region size 1024K, 2 young (2048K), 2 survivors (2048K)
 Metaspace       used 13760K, committed 13952K, reserved 1064960K
  class space    used 1486K, committed 1600K, reserved 1048576K
}

Deoptimization events (20 events):
Event: 1.067 Thread 0x000002d5410fe250 Uncommon trap: trap_request=0xffffffc6 fr.pc=0x000002d5340a9dd4 relative=0x0000000000000574
Event: 1.067 Thread 0x000002d5410fe250 Uncommon trap: reason=bimorphic_or_optimized_type_check action=maybe_recompile pc=0x000002d5340a9dd4 method=java.util.concurrent.ConcurrentHashMap.get(Ljava/lang/Object;)Ljava/lang/Object; @ 149 c2
Event: 1.067 Thread 0x000002d5410fe250 DEOPT PACKING pc=0x000002d5340a9dd4 sp=0x000000e18e0fd420
Event: 1.067 Thread 0x000002d5410fe250 DEOPT UNPACKING pc=0x000002d52c5f5c23 sp=0x000000e18e0fd3c0 mode 2
Event: 1.257 Thread 0x000002d5410fe250 Uncommon trap: trap_request=0xffffff45 fr.pc=0x000002d5340a0f04 relative=0x00000000000000e4
Event: 1.257 Thread 0x000002d5410fe250 Uncommon trap: reason=unstable_if action=reinterpret pc=0x000002d5340a0f04 method=java.util.HashMap.hash(Ljava/lang/Object;)I @ 1 c2
Event: 1.257 Thread 0x000002d5410fe250 DEOPT PACKING pc=0x000002d5340a0f04 sp=0x000000e18e0fdd20
Event: 1.257 Thread 0x000002d5410fe250 DEOPT UNPACKING pc=0x000002d52c5f5c23 sp=0x000000e18e0fdc60 mode 2
Event: 1.277 Thread 0x000002d5410fe250 Uncommon trap: trap_request=0xffffff45 fr.pc=0x000002d5340adef0 relative=0x00000000000004b0
Event: 1.277 Thread 0x000002d5410fe250 Uncommon trap: reason=unstable_if action=reinterpret pc=0x000002d5340adef0 method=java.util.HashMap.hash(Ljava/lang/Object;)I @ 1 c2
Event: 1.277 Thread 0x000002d5410fe250 DEOPT PACKING pc=0x000002d5340adef0 sp=0x000000e18e0fdd10
Event: 1.277 Thread 0x000002d5410fe250 DEOPT UNPACKING pc=0x000002d52c5f5c23 sp=0x000000e18e0fdbb8 mode 2
Event: 1.283 Thread 0x000002d5410fe250 Uncommon trap: trap_request=0xffffff45 fr.pc=0x000002d5340ace88 relative=0x0000000000000628
Event: 1.283 Thread 0x000002d5410fe250 Uncommon trap: reason=unstable_if action=reinterpret pc=0x000002d5340ace88 method=java.util.HashMap.hash(Ljava/lang/Object;)I @ 1 c2
Event: 1.283 Thread 0x000002d5410fe250 DEOPT PACKING pc=0x000002d5340ace88 sp=0x000000e18e0fdcd0
Event: 1.283 Thread 0x000002d5410fe250 DEOPT UNPACKING pc=0x000002d52c5f5c23 sp=0x000000e18e0fdbd8 mode 2
Event: 1.304 Thread 0x000002d5410fe250 Uncommon trap: trap_request=0xffffff45 fr.pc=0x000002d534088ab8 relative=0x0000000000000038
Event: 1.304 Thread 0x000002d5410fe250 Uncommon trap: reason=unstable_if action=reinterpret pc=0x000002d534088ab8 method=java.lang.StringLatin1.canEncode(I)Z @ 4 c2
Event: 1.304 Thread 0x000002d5410fe250 DEOPT PACKING pc=0x000002d534088ab8 sp=0x000000e18e0fc270
Event: 1.304 Thread 0x000002d5410fe250 DEOPT UNPACKING pc=0x000002d52c5f5c23 sp=0x000000e18e0fc200 mode 2

Classes unloaded (0 events):
No events

Classes redefined (0 events):
No events

Internal exceptions (20 events):
Event: 0.349 Thread 0x000002d528edeb80 Exception <a 'java/lang/NoSuchMethodError'{0x00000000c3ffa6d0}: 'java.lang.Object java.lang.invoke.DirectMethodHandle$Holder.invokeStaticInit(java.lang.Object)'> (0x00000000c3ffa6d0) 
thrown [e:\jenkins\tmp\workspace\build\src\src\hotspot\share\interpreter\linkResolver.cpp, line 766]
Event: 0.352 Thread 0x000002d528edeb80 Exception <a 'java/lang/NoSuchMethodError'{0x00000000c3e07fc0}: 'void java.lang.invoke.DirectMethodHandle$Holder.invokeStatic(java.lang.Object, java.lang.Object)'> (0x00000000c3e07fc0) 
thrown [e:\jenkins\tmp\workspace\build\src\src\hotspot\share\interpreter\linkResolver.cpp, line 766]
Event: 0.580 Thread 0x000002d528edeb80 Exception <a 'java/lang/NoSuchMethodError'{0x00000000c3b13fb0}: 'void java.lang.invoke.DirectMethodHandle$Holder.invokeSpecial(java.lang.Object, java.lang.Object, java.lang.Object)'> (0x00000000c3b13fb0) 
thrown [e:\jenkins\tmp\workspace\build\src\src\hotspot\share\interpreter\linkResolver.cpp, line 766]
Event: 0.596 Thread 0x000002d528edeb80 Exception <a 'java/lang/NoSuchMethodError'{0x00000000c3b4b048}: 'void java.lang.invoke.DirectMethodHandle$Holder.invokeStatic(java.lang.Object, java.lang.Object, java.lang.Object)'> (0x00000000c3b4b048) 
thrown [e:\jenkins\tmp\workspace\build\src\src\hotspot\share\interpreter\linkResolver.cpp, line 766]
Event: 0.619 Thread 0x000002d528edeb80 Exception <a 'java/lang/NoSuchMethodError'{0x00000000c3b67eb0}: 'int java.lang.invoke.DirectMethodHandle$Holder.invokeStaticInit(java.lang.Object, java.lang.Object, java.lang.Object)'> (0x00000000c3b67eb0) 
thrown [e:\jenkins\tmp\workspace\build\src\src\hotspot\share\interpreter\linkResolver.cpp, line 766]
Event: 0.641 Thread 0x000002d528edeb80 Exception <a 'java/lang/NoSuchMethodError'{0x00000000c3a9dca0}: 'java.lang.Object java.lang.invoke.DirectMethodHandle$Holder.newInvokeSpecial(java.lang.Object, java.lang.Object, int, java.lang.Object)'> (0x00000000c3a9dca0) 
thrown [e:\jenkins\tmp\workspace\build\src\src\hotspot\share\interpreter\linkResolver.cpp, line 766]
Event: 0.641 Thread 0x000002d528edeb80 Exception <a 'java/lang/NoSuchMethodError'{0x00000000c3aa2080}: 'java.lang.Object java.lang.invoke.DirectMethodHandle$Holder.invokeSpecial(java.lang.Object, java.lang.Object, java.lang.Object, int, java.lang.Object)'> (0x00000000c3aa2080) 
thrown [e:\jenkins\tmp\workspace\build\src\src\hotspot\share\interpreter\linkResolver.cpp, line 766]
Event: 0.695 Thread 0x000002d5410fe250 Exception <a 'java/lang/NoSuchMethodError'{0x00000000c3e2b408}: 'void java.lang.invoke.DirectMethodHandle$Holder.invokeStaticInit(java.lang.Object)'> (0x00000000c3e2b408) 
thrown [e:\jenkins\tmp\workspace\build\src\src\hotspot\share\interpreter\linkResolver.cpp, line 766]
Event: 0.699 Thread 0x000002d528edeb80 Exception <a 'java/lang/NoSuchMethodError'{0x00000000c3e43278}: 'java.lang.Object java.lang.invoke.DirectMethodHandle$Holder.newInvokeSpecial(java.lang.Object, java.lang.Object, java.lang.Object, java.lang.Object, java.lang.Object, java.lang.Object)'> (0x00000000c3e43278) 
thrown [e:\jenkins\tmp\workspace\build\src\src\hotspot\share\interpreter\linkResolver.cpp, line 766]
Event: 0.730 Thread 0x000002d528edeb80 Exception <a 'java/lang/NoSuchMethodError'{0x00000000c3d802e0}: 'java.lang.Object java.lang.invoke.DirectMethodHandle$Holder.newInvokeSpecial(java.lang.Object, java.lang.Object, java.lang.Object, java.lang.Object, java.lang.Object)'> (0x00000000c3d802e0) 
thrown [e:\jenkins\tmp\workspace\build\src\src\hotspot\share\interpreter\linkResolver.cpp, line 766]
Event: 0.732 Thread 0x000002d5410987a0 Exception <a 'java/lang/NoSuchMethodError'{0x00000000c3da7af0}: 'void java.lang.invoke.DirectMethodHandle$Holder.invokeStatic(java.lang.Object, java.lang.Object, java.lang.Object, java.lang.Object)'> (0x00000000c3da7af0) 
thrown [e:\jenkins\tmp\workspace\build\src\src\hotspot\share\interpreter\linkResolver.cpp, line 766]
Event: 0.790 Thread 0x000002d5410fe250 Exception <a 'sun/nio/fs/WindowsException'{0x00000000c3baa878}> (0x00000000c3baa878) 
thrown [e:\jenkins\tmp\workspace\build\src\src\hotspot\share\prims\jni.cpp, line 516]
Event: 0.851 Thread 0x000002d5410fe250 Exception <a 'java/lang/NoSuchMethodError'{0x00000000c39ecca0}: 'java.lang.Object java.lang.invoke.DirectMethodHandle$Holder.invokeStaticInit(java.lang.Object, java.lang.Object, java.lang.Object, java.lang.Object)'> (0x00000000c39ecca0) 
thrown [e:\jenkins\tmp\workspace\build\src\src\hotspot\share\interpreter\linkResolver.cpp, line 766]
Event: 0.852 Thread 0x000002d5410fe250 Exception <a 'java/lang/NullPointerException'{0x00000000c39f8b38}> (0x00000000c39f8b38) 
thrown [e:\jenkins\tmp\workspace\build\src\src\hotspot\share\interpreter\linkResolver.cpp, line 1357]
Event: 0.861 Thread 0x000002d5410fe250 Exception <a 'java/lang/NoSuchMethodError'{0x00000000c3823af8}: 'void java.lang.invoke.DirectMethodHandle$Holder.invokeSpecial(java.lang.Object, java.lang.Object, java.lang.Object, java.lang.Object, java.lang.Object)'> (0x00000000c3823af8) 
thrown [e:\jenkins\tmp\workspace\build\src\src\hotspot\share\interpreter\linkResolver.cpp, line 766]
Event: 1.057 Thread 0x000002d5410fe250 Exception <a 'java/lang/NoSuchMethodError'{0x00000000c3c720c8}: 'void java.lang.invoke.DirectMethodHandle$Holder.invokeStaticInit(java.lang.Object, java.lang.Object)'> (0x00000000c3c720c8) 
thrown [e:\jenkins\tmp\workspace\build\src\src\hotspot\share\interpreter\linkResolver.cpp, line 766]
Event: 1.223 Thread 0x000002d5410fe250 Exception <a 'sun/nio/fs/WindowsException'{0x00000000c386fb30}> (0x00000000c386fb30) 
thrown [e:\jenkins\tmp\workspace\build\src\src\hotspot\share\prims\jni.cpp, line 516]
Event: 1.257 Thread 0x000002d5410fe250 Implicit null exception at 0x000002d5340a0e60 to 0x000002d5340a0efa
Event: 1.277 Thread 0x000002d5410fe250 Implicit null exception at 0x000002d5340ada8f to 0x000002d5340aded0
Event: 1.283 Thread 0x000002d5410fe250 Implicit null exception at 0x000002d5340ac8b3 to 0x000002d5340ace6c

VM Operations (14 events):
Event: 0.294 Executing VM operation: G1CollectForAllocation
Event: 0.299 Executing VM operation: G1CollectForAllocation done
Event: 0.301 Executing VM operation: HandshakeAllThreads
Event: 0.301 Executing VM operation: HandshakeAllThreads done
Event: 0.628 Executing VM operation: HandshakeAllThreads
Event: 0.628 Executing VM operation: HandshakeAllThreads done
Event: 0.674 Executing VM operation: G1CollectForAllocation
Event: 0.678 Executing VM operation: G1CollectForAllocation done
Event: 0.927 Executing VM operation: HandshakeAllThreads
Event: 0.927 Executing VM operation: HandshakeAllThreads done
Event: 0.939 Executing VM operation: G1CollectForAllocation
Event: 0.946 Executing VM operation: G1CollectForAllocation done
Event: 1.100 Executing VM operation: HandshakeAllThreads
Event: 1.100 Executing VM operation: HandshakeAllThreads done

Events (20 events):
Event: 1.309 loading class java/util/ResourceBundle$CacheKey
Event: 1.309 loading class java/util/ResourceBundle$CacheKey done
Event: 1.309 loading class java/util/ResourceBundle$KeyElementReference
Event: 1.309 loading class java/util/ResourceBundle$CacheKeyReference
Event: 1.309 loading class java/util/ResourceBundle$CacheKeyReference done
Event: 1.309 loading class java/util/ResourceBundle$KeyElementReference done
Event: 1.309 loading class sun/util/locale/LocaleObjectCache$CacheEntry
Event: 1.309 loading class sun/util/locale/LocaleObjectCache$CacheEntry done
Event: 1.310 loading class java/util/ResourceBundle$3
Event: 1.310 loading class java/util/ResourceBundle$3 done
Event: 1.310 loading class java/util/ResourceBundle$ResourceBundleProviderHelper
Event: 1.310 loading class java/util/ResourceBundle$ResourceBundleProviderHelper done
Event: 1.311 loading class java/util/PropertyResourceBundle
Event: 1.311 loading class java/util/PropertyResourceBundle done
Event: 1.311 loading class sun/util/PropertyResourceBundleCharset
Event: 1.311 loading class sun/util/PropertyResourceBundleCharset done
Event: 1.311 loading class sun/util/PropertyResourceBundleCharset$PropertiesFileDecoder
Event: 1.311 loading class sun/util/PropertyResourceBundleCharset$PropertiesFileDecoder done
Event: 1.312 loading class java/util/ResourceBundle$BundleReference
Event: 1.312 loading class java/util/ResourceBundle$BundleReference done


Dynamic libraries:
0x00007ff743c70000 - 0x00007ff743c7e000 	C:\Program Files\Eclipse\plugins\org.eclipse.justj.openjdk.hotspot.jre.full.win32.x86_64_17.0.3.v20220515-1416\jre\bin\javaw.exe
0x00007ffd3b0a0000 - 0x00007ffd3b2a9000 	C:\Windows\SYSTEM32\ntdll.dll
0x00007ffd38f20000 - 0x00007ffd38fde000 	C:\Windows\System32\KERNEL32.DLL
0x00007ffd386c0000 - 0x00007ffd38a3b000 	C:\Windows\System32\KERNELBASE.dll
0x00007ffd385a0000 - 0x00007ffd386b1000 	C:\Windows\System32\ucrtbase.dll
0x00007ffd13360000 - 0x00007ffd13379000 	C:\Program Files\Eclipse\plugins\org.eclipse.justj.openjdk.hotspot.jre.full.win32.x86_64_17.0.3.v20220515-1416\jre\bin\VCRUNTIME140.dll
0x00007ffd34440000 - 0x00007ffd34458000 	C:\Program Files\Eclipse\plugins\org.eclipse.justj.openjdk.hotspot.jre.full.win32.x86_64_17.0.3.v20220515-1416\jre\bin\jli.dll
0x00007ffd3a6f0000 - 0x00007ffd3a89d000 	C:\Windows\System32\USER32.dll
0x00007ffd38570000 - 0x00007ffd38596000 	C:\Windows\System32\win32u.dll
0x00007ffd39790000 - 0x00007ffd397b9000 	C:\Windows\System32\GDI32.dll
0x00007ffd38a40000 - 0x00007ffd38b58000 	C:\Windows\System32\gdi32full.dll
0x00007ffd38b60000 - 0x00007ffd38bfd000 	C:\Windows\System32\msvcp_win.dll
0x00007ffd12390000 - 0x00007ffd12635000 	C:\Windows\WinSxS\amd64_microsoft.windows.common-controls_6595b64144ccf1df_6.0.22000.120_none_9d947278b86cc467\COMCTL32.dll
0x00007ffd3a1b0000 - 0x00007ffd3a253000 	C:\Windows\System32\msvcrt.dll
0x00007ffd393d0000 - 0x00007ffd39402000 	C:\Windows\System32\IMM32.DLL
0x00007ffd13350000 - 0x00007ffd1335c000 	C:\Program Files\Eclipse\plugins\org.eclipse.justj.openjdk.hotspot.jre.full.win32.x86_64_17.0.3.v20220515-1416\jre\bin\vcruntime140_1.dll
0x00007ffd1a8b0000 - 0x00007ffd1a941000 	C:\Program Files\Eclipse\plugins\org.eclipse.justj.openjdk.hotspot.jre.full.win32.x86_64_17.0.3.v20220515-1416\jre\bin\msvcp140.dll
0x00007ffcfc5a0000 - 0x00007ffcfd1e8000 	C:\Program Files\Eclipse\plugins\org.eclipse.justj.openjdk.hotspot.jre.full.win32.x86_64_17.0.3.v20220515-1416\jre\bin\server\jvm.dll
0x00007ffd399b0000 - 0x00007ffd39a5e000 	C:\Windows\System32\ADVAPI32.dll
0x00007ffd3a500000 - 0x00007ffd3a59e000 	C:\Windows\System32\sechost.dll
0x00007ffd39020000 - 0x00007ffd39140000 	C:\Windows\System32\RPCRT4.dll
0x00007ffd3a2c0000 - 0x00007ffd3a2c8000 	C:\Windows\System32\PSAPI.DLL
0x00007ffd18b40000 - 0x00007ffd18b49000 	C:\Windows\SYSTEM32\WSOCK32.dll
0x00007ffd3a2d0000 - 0x00007ffd3a33f000 	C:\Windows\System32\WS2_32.dll
0x00007ffd30480000 - 0x00007ffd304b3000 	C:\Windows\SYSTEM32\WINMM.dll
0x00007ffd2de60000 - 0x00007ffd2de6a000 	C:\Windows\SYSTEM32\VERSION.dll
0x00007ffd375f0000 - 0x00007ffd37608000 	C:\Windows\SYSTEM32\kernel.appcore.dll
0x00007ffd13340000 - 0x00007ffd1334a000 	C:\Program Files\Eclipse\plugins\org.eclipse.justj.openjdk.hotspot.jre.full.win32.x86_64_17.0.3.v20220515-1416\jre\bin\jimage.dll
0x00007ffd2ae10000 - 0x00007ffd2b031000 	C:\Windows\SYSTEM32\DBGHELP.DLL
0x00007ffd2f640000 - 0x00007ffd2f671000 	C:\Windows\SYSTEM32\dbgcore.DLL
0x00007ffd38c00000 - 0x00007ffd38c7f000 	C:\Windows\System32\bcryptPrimitives.dll
0x00007ffd07800000 - 0x00007ffd07825000 	C:\Program Files\Eclipse\plugins\org.eclipse.justj.openjdk.hotspot.jre.full.win32.x86_64_17.0.3.v20220515-1416\jre\bin\java.dll
0x00007ffd13320000 - 0x00007ffd13338000 	C:\Program Files\Eclipse\plugins\org.eclipse.justj.openjdk.hotspot.jre.full.win32.x86_64_17.0.3.v20220515-1416\jre\bin\zip.dll
0x00007ffd3a8a0000 - 0x00007ffd3b057000 	C:\Windows\System32\SHELL32.dll
0x00007ffd36660000 - 0x00007ffd36ec5000 	C:\Windows\SYSTEM32\windows.storage.dll
0x00007ffd39410000 - 0x00007ffd39788000 	C:\Windows\System32\combase.dll
0x00007ffd364f0000 - 0x00007ffd36656000 	C:\Windows\SYSTEM32\wintypes.dll
0x00007ffd39140000 - 0x00007ffd3922a000 	C:\Windows\System32\SHCORE.dll
0x00007ffd3a350000 - 0x00007ffd3a3ad000 	C:\Windows\System32\shlwapi.dll
0x00007ffd384a0000 - 0x00007ffd384c1000 	C:\Windows\SYSTEM32\profapi.dll
0x00007ffd077e0000 - 0x00007ffd077f9000 	C:\Program Files\Eclipse\plugins\org.eclipse.justj.openjdk.hotspot.jre.full.win32.x86_64_17.0.3.v20220515-1416\jre\bin\net.dll
0x00007ffd31740000 - 0x00007ffd31854000 	C:\Windows\SYSTEM32\WINHTTP.dll
0x00007ffd37a90000 - 0x00007ffd37af7000 	C:\Windows\system32\mswsock.dll
0x00007ffcfe350000 - 0x00007ffcfe365000 	C:\Program Files\Eclipse\plugins\org.eclipse.justj.openjdk.hotspot.jre.full.win32.x86_64_17.0.3.v20220515-1416\jre\bin\nio.dll
0x000002d5420d0000 - 0x000002d5420d3000 	C:\JavaFX\javafx-sdk-16\bin\api-ms-win-core-console-l1-1-0.dll
0x000002d5420e0000 - 0x000002d5420e3000 	C:\JavaFX\javafx-sdk-16\bin\api-ms-win-core-console-l1-2-0.dll
0x000002d5420f0000 - 0x000002d5420f3000 	C:\JavaFX\javafx-sdk-16\bin\api-ms-win-core-datetime-l1-1-0.dll
0x000002d542100000 - 0x000002d542103000 	C:\JavaFX\javafx-sdk-16\bin\api-ms-win-core-debug-l1-1-0.dll
0x000002d542110000 - 0x000002d542113000 	C:\JavaFX\javafx-sdk-16\bin\api-ms-win-core-errorhandling-l1-1-0.dll
0x000002d542120000 - 0x000002d542124000 	C:\JavaFX\javafx-sdk-16\bin\api-ms-win-core-file-l1-1-0.dll
0x000002d542130000 - 0x000002d542133000 	C:\JavaFX\javafx-sdk-16\bin\api-ms-win-core-file-l1-2-0.dll
0x000002d542140000 - 0x000002d542143000 	C:\JavaFX\javafx-sdk-16\bin\api-ms-win-core-file-l2-1-0.dll
0x000002d542150000 - 0x000002d542153000 	C:\JavaFX\javafx-sdk-16\bin\api-ms-win-core-handle-l1-1-0.dll
0x000002d542160000 - 0x000002d542163000 	C:\JavaFX\javafx-sdk-16\bin\api-ms-win-core-heap-l1-1-0.dll
0x000002d542170000 - 0x000002d542173000 	C:\JavaFX\javafx-sdk-16\bin\api-ms-win-core-interlocked-l1-1-0.dll
0x000002d542180000 - 0x000002d542183000 	C:\JavaFX\javafx-sdk-16\bin\api-ms-win-core-libraryloader-l1-1-0.dll
0x000002d542190000 - 0x000002d542193000 	C:\JavaFX\javafx-sdk-16\bin\api-ms-win-core-localization-l1-2-0.dll
0x000002d5421a0000 - 0x000002d5421a3000 	C:\JavaFX\javafx-sdk-16\bin\api-ms-win-core-memory-l1-1-0.dll
0x000002d5421b0000 - 0x000002d5421b3000 	C:\JavaFX\javafx-sdk-16\bin\api-ms-win-core-namedpipe-l1-1-0.dll
0x000002d5421c0000 - 0x000002d5421c3000 	C:\JavaFX\javafx-sdk-16\bin\api-ms-win-core-processenvironment-l1-1-0.dll
0x000002d5421d0000 - 0x000002d5421d3000 	C:\JavaFX\javafx-sdk-16\bin\api-ms-win-core-processthreads-l1-1-0.dll
0x000002d5421e0000 - 0x000002d5421e3000 	C:\JavaFX\javafx-sdk-16\bin\api-ms-win-core-processthreads-l1-1-1.dll
0x000002d5421f0000 - 0x000002d5421f3000 	C:\JavaFX\javafx-sdk-16\bin\api-ms-win-core-profile-l1-1-0.dll
0x000002d542200000 - 0x000002d542203000 	C:\JavaFX\javafx-sdk-16\bin\api-ms-win-core-rtlsupport-l1-1-0.dll
0x000002d542210000 - 0x000002d542213000 	C:\JavaFX\javafx-sdk-16\bin\api-ms-win-core-string-l1-1-0.dll
0x000002d542220000 - 0x000002d542223000 	C:\JavaFX\javafx-sdk-16\bin\api-ms-win-core-synch-l1-1-0.dll
0x000002d542230000 - 0x000002d542233000 	C:\JavaFX\javafx-sdk-16\bin\api-ms-win-core-synch-l1-2-0.dll
0x000002d542240000 - 0x000002d542243000 	C:\JavaFX\javafx-sdk-16\bin\api-ms-win-core-sysinfo-l1-1-0.dll
0x000002d542250000 - 0x000002d542253000 	C:\JavaFX\javafx-sdk-16\bin\api-ms-win-core-timezone-l1-1-0.dll
0x000002d542260000 - 0x000002d542263000 	C:\JavaFX\javafx-sdk-16\bin\api-ms-win-core-util-l1-1-0.dll
0x000002d542270000 - 0x000002d542273000 	C:\JavaFX\javafx-sdk-16\bin\api-ms-win-crt-conio-l1-1-0.dll
0x000002d542280000 - 0x000002d542284000 	C:\JavaFX\javafx-sdk-16\bin\api-ms-win-crt-convert-l1-1-0.dll
0x000002d542290000 - 0x000002d542293000 	C:\JavaFX\javafx-sdk-16\bin\api-ms-win-crt-environment-l1-1-0.dll
0x000002d5422a0000 - 0x000002d5422a3000 	C:\JavaFX\javafx-sdk-16\bin\api-ms-win-crt-filesystem-l1-1-0.dll
0x000002d5422b0000 - 0x000002d5422b3000 	C:\JavaFX\javafx-sdk-16\bin\api-ms-win-crt-heap-l1-1-0.dll
0x000002d5422c0000 - 0x000002d5422c3000 	C:\JavaFX\javafx-sdk-16\bin\api-ms-win-crt-locale-l1-1-0.dll
0x000002d5422d0000 - 0x000002d5422d5000 	C:\JavaFX\javafx-sdk-16\bin\api-ms-win-crt-math-l1-1-0.dll
0x000002d5422e0000 - 0x000002d5422e5000 	C:\JavaFX\javafx-sdk-16\bin\api-ms-win-crt-multibyte-l1-1-0.dll
0x000002d5422f0000 - 0x000002d542300000 	C:\JavaFX\javafx-sdk-16\bin\api-ms-win-crt-private-l1-1-0.dll
0x000002d542300000 - 0x000002d542303000 	C:\JavaFX\javafx-sdk-16\bin\api-ms-win-crt-process-l1-1-0.dll
0x000002d542310000 - 0x000002d542314000 	C:\JavaFX\javafx-sdk-16\bin\api-ms-win-crt-runtime-l1-1-0.dll
0x000002d542320000 - 0x000002d542324000 	C:\JavaFX\javafx-sdk-16\bin\api-ms-win-crt-stdio-l1-1-0.dll
0x000002d542330000 - 0x000002d542334000 	C:\JavaFX\javafx-sdk-16\bin\api-ms-win-crt-string-l1-1-0.dll
0x000002d542340000 - 0x000002d542343000 	C:\JavaFX\javafx-sdk-16\bin\api-ms-win-crt-time-l1-1-0.dll
0x000002d542350000 - 0x000002d542353000 	C:\JavaFX\javafx-sdk-16\bin\api-ms-win-crt-utility-l1-1-0.dll
0x00007ffd2f4c0000 - 0x00007ffd2f5bc000 	C:\JavaFX\javafx-sdk-16\bin\ucrtbase.dll
0x00007ffd34400000 - 0x00007ffd34419000 	C:\JavaFX\javafx-sdk-16\bin\vcruntime140.dll
0x00007ffd34460000 - 0x00007ffd3446c000 	C:\JavaFX\javafx-sdk-16\bin\vcruntime140_1.dll
0x00007ffd27e00000 - 0x00007ffd27e91000 	C:\JavaFX\javafx-sdk-16\bin\msvcp140.dll
0x00007ffd32c20000 - 0x00007ffd32c47000 	C:\JavaFX\javafx-sdk-16\bin\prism_d3d.dll
0x00007ffd278b0000 - 0x00007ffd27a56000 	C:\Windows\system32\d3d9.dll
0x00007ffd35ee0000 - 0x00007ffd35f0f000 	C:\Windows\SYSTEM32\dwmapi.dll
0x00007ffd35d60000 - 0x00007ffd35d98000 	C:\Windows\SYSTEM32\dxcore.dll
0x00007ffd35c40000 - 0x00007ffd35cec000 	C:\Windows\system32\uxtheme.dll
0x00007ffd34110000 - 0x00007ffd34154000 	C:\Windows\SYSTEM32\directxdatabasehelper.dll
0x00007ffd37610000 - 0x00007ffd37644000 	C:\Windows\SYSTEM32\ntmarta.dll
0x00007ffd2f470000 - 0x00007ffd2f4b2000 	C:\JavaFX\javafx-sdk-16\bin\glass.dll
0x00007ffd3a3b0000 - 0x00007ffd3a49c000 	C:\Windows\System32\COMDLG32.dll
0x00007ffd39230000 - 0x00007ffd393ca000 	C:\Windows\System32\ole32.dll
0x00007ffd3a610000 - 0x00007ffd3a6e6000 	C:\Windows\System32\OLEAUT32.dll
0x00007ffd39a60000 - 0x00007ffd39b7d000 	C:\Windows\System32\MSCTF.dll
0x00007ffd32d20000 - 0x00007ffd33422000 	C:\Windows\SYSTEM32\d3d10warp.dll
0x00007ffd343e0000 - 0x00007ffd343f4000 	C:\JavaFX\javafx-sdk-16\bin\javafx_font.dll
0x00007ffd250c0000 - 0x00007ffd2531f000 	C:\Windows\SYSTEM32\dwrite.dll
0x00007ffd39840000 - 0x00007ffd398f5000 	C:\Windows\System32\clbcatq.dll
0x00007ffd2d510000 - 0x00007ffd2d6be000 	C:\Windows\SYSTEM32\WindowsCodecs.dll
0x00007ffd0e560000 - 0x00007ffd0e5bd000 	C:\Windows\system32\dataexchange.dll
0x00007ffd2b770000 - 0x00007ffd2b9d6000 	C:\Windows\system32\twinapi.appcore.dll
0x00007ffd27290000 - 0x00007ffd272c2000 	C:\Program Files\Common Files\Microsoft Shared\Ink\rtscom.dll
0x00007ffd267c0000 - 0x00007ffd268ed000 	C:\Windows\SYSTEM32\textinputframework.dll
0x00007ffd35670000 - 0x00007ffd357a1000 	C:\Windows\SYSTEM32\CoreMessaging.dll
0x00007ffd33b20000 - 0x00007ffd33e8d000 	C:\Windows\SYSTEM32\CoreUIComponents.dll
0x00007ffd37cf0000 - 0x00007ffd37cfc000 	C:\Windows\SYSTEM32\CRYPTBASE.DLL

dbghelp: loaded successfully - version: 4.0.5 - missing functions: none
symbol engine: initialized successfully - sym options: 0x614 - pdb path: .;C:\Program Files\Eclipse\plugins\org.eclipse.justj.openjdk.hotspot.jre.full.win32.x86_64_17.0.3.v20220515-1416\jre\bin;C:\Windows\SYSTEM32;C:\Windows\WinSxS\amd64_microsoft.windows.common-controls_6595b64144ccf1df_6.0.22000.120_none_9d947278b86cc467;C:\Program Files\Eclipse\plugins\org.eclipse.justj.openjdk.hotspot.jre.full.win32.x86_64_17.0.3.v20220515-1416\jre\bin\server;C:\JavaFX\javafx-sdk-16\bin;C:\Program Files\Common Files\Microsoft Shared\Ink

VM Arguments:
jvm_args: -Dfile.encoding=UTF-8 --module-path=C:\Users\CS219-user\eclipse-workspace\SeyarHazratGradeCalculator\bin;C:\JavaFX\javafx-sdk-16\lib\javafx-swt.jar;C:\JavaFX\javafx-sdk-16\lib\javafx.base.jar;C:\JavaFX\javafx-sdk-16\lib\javafx.controls.jar;C:\JavaFX\javafx-sdk-16\lib\javafx.fxml.jar;C:\JavaFX\javafx-sdk-16\lib\javafx.graphics.jar;C:\JavaFX\javafx-sdk-16\lib\javafx.media.jar;C:\JavaFX\javafx-sdk-16\lib\javafx.swing.jar;C:\JavaFX\javafx-sdk-16\lib\javafx.web.jar;C:\Program Files\Eclipse\plugins\org.eclipse.fx.ide.css.jfx8_3.8.0.202204150904.jar -XX:+ShowCodeDetailsInExceptionMessages -Djdk.module.main=SeyarHazratGradeCalculator 
java_command: SeyarHazratGradeCalculator/application.Main
java_class_path (initial): <not set>
Launcher Type: SUN_STANDARD

[Global flags]
     intx CICompilerCount                          = 2                                         {product} {ergonomic}
     uint ConcGCThreads                            = 1                                         {product} {ergonomic}
     uint G1ConcRefinementThreads                  = 2                                         {product} {ergonomic}
   size_t G1HeapRegionSize                         = 1048576                                   {product} {ergonomic}
    uintx GCDrainStackTargetSize                   = 64                                        {product} {ergonomic}
   size_t InitialHeapSize                          = 67108864                                  {product} {ergonomic}
   size_t MarkStackSize                            = 4194304                                   {product} {ergonomic}
   size_t MaxHeapSize                              = 1073741824                                {product} {ergonomic}
   size_t MaxNewSize                               = 643825664                                 {product} {ergonomic}
   size_t MinHeapDeltaBytes                        = 1048576                                   {product} {ergonomic}
   size_t MinHeapSize                              = 8388608                                   {product} {ergonomic}
    uintx NonNMethodCodeHeapSize                   = 5826188                                {pd product} {ergonomic}
    uintx NonProfiledCodeHeapSize                  = 122916026                              {pd product} {ergonomic}
    uintx ProfiledCodeHeapSize                     = 122916026                              {pd product} {ergonomic}
    uintx ReservedCodeCacheSize                    = 251658240                              {pd product} {ergonomic}
     bool SegmentedCodeCache                       = true                                      {product} {ergonomic}
     bool ShowCodeDetailsInExceptionMessages       = true                                   {manageable} {command line}
   size_t SoftMaxHeapSize                          = 1073741824                             {manageable} {ergonomic}
     bool UseCompressedClassPointers               = true                           {product lp64_product} {ergonomic}
     bool UseCompressedOops                        = true                           {product lp64_product} {ergonomic}
     bool UseG1GC                                  = true                                      {product} {ergonomic}
     bool UseLargePagesIndividualAllocation        = false                                  {pd product} {ergonomic}

Logging:
Log output configuration:
 #0: stdout all=warning uptime,level,tags
 #1: stderr all=off uptime,level,tags

Environment Variables:
PATH=C:/Program Files/eclipse//plugins/org.eclipse.justj.openjdk.hotspot.jre.full.win32.x86_64_17.0.3.v20220515-1416/jre/bin/server;C:/Program Files/eclipse//plugins/org.eclipse.justj.openjdk.hotspot.jre.full.win32.x86_64_17.0.3.v20220515-1416/jre/bin;C:\Program Files\Python311\Scripts\;C:\Program Files\Python311\;C:\Program Files\Common Files\Oracle\Java\javapath;C:\Windows\system32;C:\Windows;C:\Windows\System32\Wbem;C:\Windows\System32\WindowsPowerShell\v1.0\;C:\Windows\System32\OpenSSH\;C:\Users\CS219-user\AppData\Local\Microsoft\WindowsApps;;C:\Program Files\eclipse;
USERNAME=CS219-user
OS=Windows_NT
PROCESSOR_IDENTIFIER=Intel64 Family 6 Model 85 Stepping 7, GenuineIntel



---------------  S Y S T E M  ---------------

OS:
 Windows 11 , 64 bit Build 22000 (10.0.22000.1335)
OS uptime: 0 days 1:55 hours
Hyper-V virtualization detected

CPU: total 2 (initial active 2) (1 cores per cpu, 2 threads per core) family 6 model 85 stepping 7 microcode 0xffffffff, cx8, cmov, fxsr, ht, mmx, 3dnowpref, sse, sse2, sse3, ssse3, sse4.1, sse4.2, popcnt, lzcnt, tsc, avx, avx2, aes, erms, clmul, bmi1, bmi2, rtm, adx, avx512f, avx512dq, avx512cd, avx512bw, avx512vl, fma, vzeroupper, clflush, clflushopt, hv

Memory: 4k page, system-wide physical 4094M (401M free)
TotalPageFile size 6142M (AvailPageFile size 3M)
current process WorkingSet (physical memory assigned to process): 97M, peak: 97M
current process commit charge ("private bytes"): 175M, peak: 175M

vm_info: OpenJDK 64-Bit Server VM (17.0.3+7) for windows-amd64 JRE (17.0.3+7), built on Apr 19 2022 16:55:35 by "" with MS VC++ 16.7 (VS2019)

END.
