#
# There is insufficient memory for the Java Runtime Environment to continue.
# Native memory allocation (malloc) failed to allocate 32744 bytes for ChunkPool::allocate
# Possible reasons:
#   The system is out of physical RAM or swap space
#   The process is running with CompressedOops enabled, and the Java Heap may be blocking the growth of the native heap
# Possible solutions:
#   Reduce memory load on the system
#   Increase physical memory or swap space
#   Check if swap backing store is full
#   Decrease Java heap size (-Xmx/-Xms)
#   Decrease number of Java threads
#   Decrease Java thread stack sizes (-Xss)
#   Set larger code cache with -XX:ReservedCodeCacheSize=
#   JVM is running with Unscaled Compressed Oops mode in which the Java heap is
#     placed in the first 4GB address space. The Java Heap base address is the
#     maximum limit for the native heap growth. Please use -XX:HeapBaseMinAddress
#     to set the Java Heap base and to place the Java Heap above 4GB virtual address.
# This output file may be truncated or incomplete.
#
#  Out of Memory Error (arena.cpp:78), pid=14264, tid=13344
#
# JRE version: OpenJDK Runtime Environment Temurin-17.0.3+7 (17.0.3+7) (build 17.0.3+7)
# Java VM: OpenJDK 64-Bit Server VM Temurin-17.0.3+7 (17.0.3+7, mixed mode, tiered, compressed oops, compressed class ptrs, g1 gc, windows-amd64)
# No core dump will be written. Minidumps are not enabled by default on client versions of Windows
#

---------------  S U M M A R Y ------------

Command Line: -Dfile.encoding=UTF-8 --module-path=C:\Users\CS219-user\eclipse-workspace\SeyarHazratGradeCalculator\bin;C:\JavaFX\javafx-sdk-16\lib\javafx-swt.jar;C:\JavaFX\javafx-sdk-16\lib\javafx.base.jar;C:\JavaFX\javafx-sdk-16\lib\javafx.controls.jar;C:\JavaFX\javafx-sdk-16\lib\javafx.fxml.jar;C:\JavaFX\javafx-sdk-16\lib\javafx.graphics.jar;C:\JavaFX\javafx-sdk-16\lib\javafx.media.jar;C:\JavaFX\javafx-sdk-16\lib\javafx.swing.jar;C:\JavaFX\javafx-sdk-16\lib\javafx.web.jar;C:\Program Files\Eclipse\plugins\org.eclipse.fx.ide.css.jfx8_3.8.0.202204150904.jar -XX:+ShowCodeDetailsInExceptionMessages -Djdk.module.main=SeyarHazratGradeCalculator SeyarHazratGradeCalculator/application.Main

Host: Intel(R) Xeon(R) Platinum 8272CL CPU @ 2.60GHz, 2 cores, 3G,  Windows 11 , 64 bit Build 22000 (10.0.22000.1335)
Time: Tue Jan 24 19:39:57 2023 Coordinated Universal Time elapsed time: 1.210037 seconds (0d 0h 0m 1s)

---------------  T H R E A D  ---------------

Current thread (0x0000015fdf35c600):  JavaThread "C2 CompilerThread0" daemon [_thread_in_native, id=13344, stack(0x0000002225800000,0x0000002225900000)]


Current CompileTask:
C2:   1210 1067   !   4       com.sun.javafx.css.ParsedValueImpl::readBinary (688 bytes)

Stack: [0x0000002225800000,0x0000002225900000]
Native frames: (J=compiled Java code, j=interpreted, Vv=VM code, C=native code)
V  [jvm.dll+0x675efa]
V  [jvm.dll+0x830a24]
V  [jvm.dll+0x8321ce]
V  [jvm.dll+0x832833]
V  [jvm.dll+0x2454b5]
V  [jvm.dll+0xabfc0]
V  [jvm.dll+0xac30c]
V  [jvm.dll+0x3688ac]
V  [jvm.dll+0x55f508]
V  [jvm.dll+0x55e520]
V  [jvm.dll+0x55ee13]
V  [jvm.dll+0x32dcd0]
V  [jvm.dll+0x32d14a]
V  [jvm.dll+0x218361]
V  [jvm.dll+0x217781]
V  [jvm.dll+0x1a3ccd]
V  [jvm.dll+0x227178]
V  [jvm.dll+0x2252bc]
V  [jvm.dll+0x7e673b]
V  [jvm.dll+0x7e0cfa]
V  [jvm.dll+0x674d85]
C  [ucrtbase.dll+0x26c0c]
C  [KERNEL32.DLL+0x155a0]
C  [ntdll.dll+0x485b]


---------------  P R O C E S S  ---------------

Threads class SMR info:
_java_thread_list=0x0000015fe07c8660, length=17, elements={
0x0000015fc869ec10, 0x0000015fdf2f3480, 0x0000015fdf2f3f40, 0x0000015fdf306960,
0x0000015fdf307220, 0x0000015fdf307ae0, 0x0000015fdf30b8a0, 0x0000015fdf35c600,
0x0000015fdf35ef10, 0x0000015fdf367fe0, 0x0000015fdf2cc8e0, 0x0000015fe00fdf80,
0x0000015fe05ddb50, 0x0000015fe0bf1850, 0x0000015fe0473020, 0x0000015fe06b1fb0,
0x0000015fe06b2480
}
_to_delete_list=0x0000015fe0698ad0, length=16, elements={
0x0000015fc869ec10, 0x0000015fdf2f3480, 0x0000015fdf2f3f40, 0x0000015fdf306960,
0x0000015fdf307220, 0x0000015fdf307ae0, 0x0000015fdf30b8a0, 0x0000015fdf35c600,
0x0000015fdf35ef10, 0x0000015fdf367fe0, 0x0000015fdf2cc8e0, 0x0000015fe00fdf80,
0x0000015fe05ddb50, 0x0000015fe0bf1850, 0x0000015fe0473020, 0x0000015fe06b1fb0
}

Java Threads: ( => current thread )
  0x0000015fc869ec10 JavaThread "main" [_thread_blocked, id=14172, stack(0x0000002224b00000,0x0000002224c00000)]
  0x0000015fdf2f3480 JavaThread "Reference Handler" daemon [_thread_blocked, id=12892, stack(0x0000002225200000,0x0000002225300000)]
  0x0000015fdf2f3f40 JavaThread "Finalizer" daemon [_thread_blocked, id=10752, stack(0x0000002225300000,0x0000002225400000)]
  0x0000015fdf306960 JavaThread "Signal Dispatcher" daemon [_thread_blocked, id=14076, stack(0x0000002225400000,0x0000002225500000)]
  0x0000015fdf307220 JavaThread "Attach Listener" daemon [_thread_blocked, id=9504, stack(0x0000002225500000,0x0000002225600000)]
  0x0000015fdf307ae0 JavaThread "Service Thread" daemon [_thread_blocked, id=12812, stack(0x0000002225600000,0x0000002225700000)]
  0x0000015fdf30b8a0 JavaThread "Monitor Deflation Thread" daemon [_thread_blocked, id=14300, stack(0x0000002225700000,0x0000002225800000)]
=>0x0000015fdf35c600 JavaThread "C2 CompilerThread0" daemon [_thread_in_native, id=13344, stack(0x0000002225800000,0x0000002225900000)]
  0x0000015fdf35ef10 JavaThread "C1 CompilerThread0" daemon [_thread_blocked, id=4244, stack(0x0000002225900000,0x0000002225a00000)]
  0x0000015fdf367fe0 JavaThread "Sweeper thread" daemon [_thread_blocked, id=11832, stack(0x0000002225a00000,0x0000002225b00000)]
  0x0000015fdf2cc8e0 JavaThread "Common-Cleaner" daemon [_thread_blocked, id=11368, stack(0x0000002225b00000,0x0000002225c00000)]
  0x0000015fe00fdf80 JavaThread "Notification Thread" daemon [_thread_blocked, id=14212, stack(0x0000002225d00000,0x0000002225e00000)]
  0x0000015fe05ddb50 JavaThread "QuantumRenderer-0" daemon [_thread_blocked, id=10252, stack(0x0000002225f00000,0x0000002226000000)]
  0x0000015fe0bf1850 JavaThread "InvokeLaterDispatcher" daemon [_thread_blocked, id=4772, stack(0x0000002226000000,0x0000002226100000)]
  0x0000015fe0473020 JavaThread "JavaFX Application Thread" [_thread_in_vm, id=12128, stack(0x0000002226100000,0x0000002226200000)]
  0x0000015fe06b1fb0 JavaThread "Thread-1" daemon [_thread_in_native, id=8528, stack(0x0000002226200000,0x0000002226300000)]
  0x0000015fe06b2480 JavaThread "JavaFX-Launcher" [_thread_blocked, id=13236, stack(0x0000002226300000,0x0000002226400000)]

Other Threads:
  0x0000015fdf324050 VMThread "VM Thread" [stack: 0x0000002225100000,0x0000002225200000] [id=10580]
  0x0000015fe0520c50 WatcherThread [stack: 0x0000002225e00000,0x0000002225f00000] [id=11936]
  0x0000015fc86dae60 GCTaskThread "GC Thread#0" [stack: 0x0000002224c00000,0x0000002224d00000] [id=6092]
  0x0000015fdff6aff0 GCTaskThread "GC Thread#1" [stack: 0x0000002225c00000,0x0000002225d00000] [id=5516]
  0x0000015fc86e46a0 ConcurrentGCThread "G1 Main Marker" [stack: 0x0000002224d00000,0x0000002224e00000] [id=13168]
  0x0000015fc86e50b0 ConcurrentGCThread "G1 Conc#0" [stack: 0x0000002224e00000,0x0000002224f00000] [id=12576]
  0x0000015fc872f490 ConcurrentGCThread "G1 Refine#0" [stack: 0x0000002224f00000,0x0000002225000000] [id=12756]
  0x0000015fc8731c80 ConcurrentGCThread "G1 Service" [stack: 0x0000002225000000,0x0000002225100000] [id=6700]

Threads with active compile tasks:
C2 CompilerThread0     1236 1067   !   4       com.sun.javafx.css.ParsedValueImpl::readBinary (688 bytes)

VM state: not at safepoint (normal execution)

VM Mutex/Monitor currently owned by a thread: None

Heap address: 0x00000000c0000000, size: 1024 MB, Compressed Oops mode: 32-bit

CDS archive(s) not mapped
Compressed class space mapped at: 0x0000000100000000-0x0000000140000000, reserved size: 1073741824
Narrow klass base: 0x0000000000000000, Narrow klass shift: 3, Narrow klass range: 0x140000000

GC Precious Log:
 CPUs: 2 total, 2 available
 Memory: 4094M
 Large Page Support: Disabled
 NUMA Support: Disabled
 Compressed Oops: Enabled (32-bit)
 Heap Region Size: 1M
 Heap Min Capacity: 8M
 Heap Initial Capacity: 64M
 Heap Max Capacity: 1G
 Pre-touch: Disabled
 Parallel Workers: 2
 Concurrent Workers: 1
 Concurrent Refinement Workers: 2
 Periodic GC: Disabled

Heap:
 garbage-first heap   total 65536K, used 11553K [0x00000000c0000000, 0x0000000100000000)
  region size 1024K, 11 young (11264K), 2 survivors (2048K)
 Metaspace       used 16083K, committed 16256K, reserved 1064960K
  class space    used 1873K, committed 1920K, reserved 1048576K

Heap Regions: E=young(eden), S=young(survivor), O=old, HS=humongous(starts), HC=humongous(continues), CS=collection set, F=free, OA=open archive, CA=closed archive, TAMS=top-at-mark-start (previous, next)
|   0|0x00000000c0000000, 0x00000000c0100000, 0x00000000c0100000|100%| O|  |TAMS 0x00000000c0000000, 0x00000000c0000000| Untracked 
|   1|0x00000000c0100000, 0x00000000c0148400, 0x00000000c0200000| 28%| O|  |TAMS 0x00000000c0100000, 0x00000000c0100000| Untracked 
|   2|0x00000000c0200000, 0x00000000c0200000, 0x00000000c0300000|  0%| F|  |TAMS 0x00000000c0200000, 0x00000000c0200000| Untracked 
|   3|0x00000000c0300000, 0x00000000c0300000, 0x00000000c0400000|  0%| F|  |TAMS 0x00000000c0300000, 0x00000000c0300000| Untracked 
|   4|0x00000000c0400000, 0x00000000c0400000, 0x00000000c0500000|  0%| F|  |TAMS 0x00000000c0400000, 0x00000000c0400000| Untracked 
|   5|0x00000000c0500000, 0x00000000c0500000, 0x00000000c0600000|  0%| F|  |TAMS 0x00000000c0500000, 0x00000000c0500000| Untracked 
|   6|0x00000000c0600000, 0x00000000c0600000, 0x00000000c0700000|  0%| F|  |TAMS 0x00000000c0600000, 0x00000000c0600000| Untracked 
|   7|0x00000000c0700000, 0x00000000c0700000, 0x00000000c0800000|  0%| F|  |TAMS 0x00000000c0700000, 0x00000000c0700000| Untracked 
|   8|0x00000000c0800000, 0x00000000c0800000, 0x00000000c0900000|  0%| F|  |TAMS 0x00000000c0800000, 0x00000000c0800000| Untracked 
|   9|0x00000000c0900000, 0x00000000c0900000, 0x00000000c0a00000|  0%| F|  |TAMS 0x00000000c0900000, 0x00000000c0900000| Untracked 
|  10|0x00000000c0a00000, 0x00000000c0a00000, 0x00000000c0b00000|  0%| F|  |TAMS 0x00000000c0a00000, 0x00000000c0a00000| Untracked 
|  11|0x00000000c0b00000, 0x00000000c0b00000, 0x00000000c0c00000|  0%| F|  |TAMS 0x00000000c0b00000, 0x00000000c0b00000| Untracked 
|  12|0x00000000c0c00000, 0x00000000c0c00000, 0x00000000c0d00000|  0%| F|  |TAMS 0x00000000c0c00000, 0x00000000c0c00000| Untracked 
|  13|0x00000000c0d00000, 0x00000000c0d00000, 0x00000000c0e00000|  0%| F|  |TAMS 0x00000000c0d00000, 0x00000000c0d00000| Untracked 
|  14|0x00000000c0e00000, 0x00000000c0e00000, 0x00000000c0f00000|  0%| F|  |TAMS 0x00000000c0e00000, 0x00000000c0e00000| Untracked 
|  15|0x00000000c0f00000, 0x00000000c0f00000, 0x00000000c1000000|  0%| F|  |TAMS 0x00000000c0f00000, 0x00000000c0f00000| Untracked 
|  16|0x00000000c1000000, 0x00000000c1000000, 0x00000000c1100000|  0%| F|  |TAMS 0x00000000c1000000, 0x00000000c1000000| Untracked 
|  17|0x00000000c1100000, 0x00000000c1100000, 0x00000000c1200000|  0%| F|  |TAMS 0x00000000c1100000, 0x00000000c1100000| Untracked 
|  18|0x00000000c1200000, 0x00000000c1200000, 0x00000000c1300000|  0%| F|  |TAMS 0x00000000c1200000, 0x00000000c1200000| Untracked 
|  19|0x00000000c1300000, 0x00000000c1300000, 0x00000000c1400000|  0%| F|  |TAMS 0x00000000c1300000, 0x00000000c1300000| Untracked 
|  20|0x00000000c1400000, 0x00000000c1400000, 0x00000000c1500000|  0%| F|  |TAMS 0x00000000c1400000, 0x00000000c1400000| Untracked 
|  21|0x00000000c1500000, 0x00000000c1500000, 0x00000000c1600000|  0%| F|  |TAMS 0x00000000c1500000, 0x00000000c1500000| Untracked 
|  22|0x00000000c1600000, 0x00000000c1600000, 0x00000000c1700000|  0%| F|  |TAMS 0x00000000c1600000, 0x00000000c1600000| Untracked 
|  23|0x00000000c1700000, 0x00000000c1700000, 0x00000000c1800000|  0%| F|  |TAMS 0x00000000c1700000, 0x00000000c1700000| Untracked 
|  24|0x00000000c1800000, 0x00000000c1800000, 0x00000000c1900000|  0%| F|  |TAMS 0x00000000c1800000, 0x00000000c1800000| Untracked 
|  25|0x00000000c1900000, 0x00000000c1900000, 0x00000000c1a00000|  0%| F|  |TAMS 0x00000000c1900000, 0x00000000c1900000| Untracked 
|  26|0x00000000c1a00000, 0x00000000c1a00000, 0x00000000c1b00000|  0%| F|  |TAMS 0x00000000c1a00000, 0x00000000c1a00000| Untracked 
|  27|0x00000000c1b00000, 0x00000000c1b00000, 0x00000000c1c00000|  0%| F|  |TAMS 0x00000000c1b00000, 0x00000000c1b00000| Untracked 
|  28|0x00000000c1c00000, 0x00000000c1c00000, 0x00000000c1d00000|  0%| F|  |TAMS 0x00000000c1c00000, 0x00000000c1c00000| Untracked 
|  29|0x00000000c1d00000, 0x00000000c1d00000, 0x00000000c1e00000|  0%| F|  |TAMS 0x00000000c1d00000, 0x00000000c1d00000| Untracked 
|  30|0x00000000c1e00000, 0x00000000c1e00000, 0x00000000c1f00000|  0%| F|  |TAMS 0x00000000c1e00000, 0x00000000c1e00000| Untracked 
|  31|0x00000000c1f00000, 0x00000000c1f00000, 0x00000000c2000000|  0%| F|  |TAMS 0x00000000c1f00000, 0x00000000c1f00000| Untracked 
|  32|0x00000000c2000000, 0x00000000c2000000, 0x00000000c2100000|  0%| F|  |TAMS 0x00000000c2000000, 0x00000000c2000000| Untracked 
|  33|0x00000000c2100000, 0x00000000c2100000, 0x00000000c2200000|  0%| F|  |TAMS 0x00000000c2100000, 0x00000000c2100000| Untracked 
|  34|0x00000000c2200000, 0x00000000c2200000, 0x00000000c2300000|  0%| F|  |TAMS 0x00000000c2200000, 0x00000000c2200000| Untracked 
|  35|0x00000000c2300000, 0x00000000c2300000, 0x00000000c2400000|  0%| F|  |TAMS 0x00000000c2300000, 0x00000000c2300000| Untracked 
|  36|0x00000000c2400000, 0x00000000c2400000, 0x00000000c2500000|  0%| F|  |TAMS 0x00000000c2400000, 0x00000000c2400000| Untracked 
|  37|0x00000000c2500000, 0x00000000c2500000, 0x00000000c2600000|  0%| F|  |TAMS 0x00000000c2500000, 0x00000000c2500000| Untracked 
|  38|0x00000000c2600000, 0x00000000c2600000, 0x00000000c2700000|  0%| F|  |TAMS 0x00000000c2600000, 0x00000000c2600000| Untracked 
|  39|0x00000000c2700000, 0x00000000c2700000, 0x00000000c2800000|  0%| F|  |TAMS 0x00000000c2700000, 0x00000000c2700000| Untracked 
|  40|0x00000000c2800000, 0x00000000c2800000, 0x00000000c2900000|  0%| F|  |TAMS 0x00000000c2800000, 0x00000000c2800000| Untracked 
|  41|0x00000000c2900000, 0x00000000c2900000, 0x00000000c2a00000|  0%| F|  |TAMS 0x00000000c2900000, 0x00000000c2900000| Untracked 
|  42|0x00000000c2a00000, 0x00000000c2a00000, 0x00000000c2b00000|  0%| F|  |TAMS 0x00000000c2a00000, 0x00000000c2a00000| Untracked 
|  43|0x00000000c2b00000, 0x00000000c2b00000, 0x00000000c2c00000|  0%| F|  |TAMS 0x00000000c2b00000, 0x00000000c2b00000| Untracked 
|  44|0x00000000c2c00000, 0x00000000c2c00000, 0x00000000c2d00000|  0%| F|  |TAMS 0x00000000c2c00000, 0x00000000c2c00000| Untracked 
|  45|0x00000000c2d00000, 0x00000000c2d00000, 0x00000000c2e00000|  0%| F|  |TAMS 0x00000000c2d00000, 0x00000000c2d00000| Untracked 
|  46|0x00000000c2e00000, 0x00000000c2e00000, 0x00000000c2f00000|  0%| F|  |TAMS 0x00000000c2e00000, 0x00000000c2e00000| Untracked 
|  47|0x00000000c2f00000, 0x00000000c2f00000, 0x00000000c3000000|  0%| F|  |TAMS 0x00000000c2f00000, 0x00000000c2f00000| Untracked 
|  48|0x00000000c3000000, 0x00000000c3000000, 0x00000000c3100000|  0%| F|  |TAMS 0x00000000c3000000, 0x00000000c3000000| Untracked 
|  49|0x00000000c3100000, 0x00000000c3100000, 0x00000000c3200000|  0%| F|  |TAMS 0x00000000c3100000, 0x00000000c3100000| Untracked 
|  50|0x00000000c3200000, 0x00000000c3300000, 0x00000000c3300000|100%| S|CS|TAMS 0x00000000c3200000, 0x00000000c3200000| Complete 
|  51|0x00000000c3300000, 0x00000000c3400000, 0x00000000c3400000|100%| S|CS|TAMS 0x00000000c3300000, 0x00000000c3300000| Complete 
|  52|0x00000000c3400000, 0x00000000c3400000, 0x00000000c3500000|  0%| F|  |TAMS 0x00000000c3400000, 0x00000000c3400000| Untracked 
|  53|0x00000000c3500000, 0x00000000c3500000, 0x00000000c3600000|  0%| F|  |TAMS 0x00000000c3500000, 0x00000000c3500000| Untracked 
|  54|0x00000000c3600000, 0x00000000c3600000, 0x00000000c3700000|  0%| F|  |TAMS 0x00000000c3600000, 0x00000000c3600000| Untracked 
|  55|0x00000000c3700000, 0x00000000c377b6c8, 0x00000000c3800000| 48%| E|  |TAMS 0x00000000c3700000, 0x00000000c3700000| Complete 
|  56|0x00000000c3800000, 0x00000000c3900000, 0x00000000c3900000|100%| E|CS|TAMS 0x00000000c3800000, 0x00000000c3800000| Complete 
|  57|0x00000000c3900000, 0x00000000c3a00000, 0x00000000c3a00000|100%| E|CS|TAMS 0x00000000c3900000, 0x00000000c3900000| Complete 
|  58|0x00000000c3a00000, 0x00000000c3b00000, 0x00000000c3b00000|100%| E|CS|TAMS 0x00000000c3a00000, 0x00000000c3a00000| Complete 
|  59|0x00000000c3b00000, 0x00000000c3c00000, 0x00000000c3c00000|100%| E|CS|TAMS 0x00000000c3b00000, 0x00000000c3b00000| Complete 
|  60|0x00000000c3c00000, 0x00000000c3d00000, 0x00000000c3d00000|100%| E|CS|TAMS 0x00000000c3c00000, 0x00000000c3c00000| Complete 
|  61|0x00000000c3d00000, 0x00000000c3e00000, 0x00000000c3e00000|100%| E|CS|TAMS 0x00000000c3d00000, 0x00000000c3d00000| Complete 
|  62|0x00000000c3e00000, 0x00000000c3f00000, 0x00000000c3f00000|100%| E|CS|TAMS 0x00000000c3e00000, 0x00000000c3e00000| Complete 
|  63|0x00000000c3f00000, 0x00000000c4000000, 0x00000000c4000000|100%| E|CS|TAMS 0x00000000c3f00000, 0x00000000c3f00000| Complete 

Card table byte_map: [0x0000015fc8480000,0x0000015fc8680000] _byte_map_base: 0x0000015fc7e80000

Marking Bits (Prev, Next): (CMBitMap*) 0x0000015fc86db470, (CMBitMap*) 0x0000015fc86db4b0
 Prev Bits: [0x0000015fdaf60000, 0x0000015fdbf60000)
 Next Bits: [0x0000015fdbf60000, 0x0000015fdcf60000)

Polling page: 0x0000015fc6680000

Metaspace:

Usage:
  Non-class:     13.88 MB used.
      Class:      1.83 MB used.
       Both:     15.71 MB used.

Virtual space:
  Non-class space:       16.00 MB reserved,      14.00 MB ( 88%) committed,  2 nodes.
      Class space:        1.00 GB reserved,       1.88 MB ( <1%) committed,  1 nodes.
             Both:        1.02 GB reserved,      15.88 MB (  2%) committed. 

Chunk freelists:
   Non-Class:  2.02 MB
       Class:  2.06 MB
        Both:  4.08 MB

MaxMetaspaceSize: unlimited
CompressedClassSpaceSize: 1.00 GB
Initial GC threshold: 21.00 MB
Current GC threshold: 21.00 MB
CDS: off
MetaspaceReclaimPolicy: balanced
 - commit_granule_bytes: 65536.
 - commit_granule_words: 8192.
 - virtual_space_node_default_size: 1048576.
 - enlarge_chunks_in_place: 1.
 - new_chunks_are_fully_committed: 0.
 - uncommit_free_chunks: 1.
 - use_allocation_guard: 0.
 - handle_deallocations: 1.


Internal statistics:

num_allocs_failed_limit: 0.
num_arena_births: 140.
num_arena_deaths: 0.
num_vsnodes_births: 3.
num_vsnodes_deaths: 0.
num_space_committed: 254.
num_space_uncommitted: 0.
num_chunks_returned_to_freelist: 0.
num_chunks_taken_from_freelist: 420.
num_chunk_merges: 0.
num_chunk_splits: 277.
num_chunks_enlarged: 211.
num_purges: 0.
num_inconsistent_stats: 0.

CodeHeap 'non-profiled nmethods': size=120064Kb used=327Kb max_used=327Kb free=119736Kb
 bounds [0x0000015fd3820000, 0x0000015fd3a90000, 0x0000015fdad60000]
CodeHeap 'profiled nmethods': size=120000Kb used=1970Kb max_used=1970Kb free=118029Kb
 bounds [0x0000015fcc2f0000, 0x0000015fcc560000, 0x0000015fd3820000]
CodeHeap 'non-nmethods': size=5696Kb used=1272Kb max_used=1272Kb free=4423Kb
 bounds [0x0000015fcbd60000, 0x0000015fcbfd0000, 0x0000015fcc2f0000]
 total_blobs=1754 nmethods=1173 adapters=494
 compilation: enabled
              stopped_count=0, restarted_count=0
 full_count=0

Compilation events (20 events):
Event: 1.176 Thread 0x0000015fdf35ef10 1167       3       java.lang.Integer::valueOf (32 bytes)
Event: 1.176 Thread 0x0000015fdf35ef10 nmethod 1167 0x0000015fcc4d6090 code [0x0000015fcc4d6240, 0x0000015fcc4d6558]
Event: 1.178 Thread 0x0000015fdf35ef10 1168       3       java.util.Properties::loadConvert (540 bytes)
Event: 1.180 Thread 0x0000015fdf35ef10 nmethod 1168 0x0000015fcc4d6690 code [0x0000015fcc4d6980, 0x0000015fcc4d7d98]
Event: 1.181 Thread 0x0000015fdf35ef10 1169       3       java.lang.Class::getReflectionFactory (26 bytes)
Event: 1.182 Thread 0x0000015fdf35ef10 nmethod 1169 0x0000015fcc4d8410 code [0x0000015fcc4d8640, 0x0000015fcc4d8e18]
Event: 1.193 Thread 0x0000015fdf35ef10 1171       3       java.lang.invoke.LambdaForm::editor (5 bytes)
Event: 1.194 Thread 0x0000015fdf35ef10 nmethod 1171 0x0000015fcc4d9110 code [0x0000015fcc4d92e0, 0x0000015fcc4d9608]
Event: 1.194 Thread 0x0000015fdf35ef10 1172       3       java.lang.invoke.LambdaFormEditor::getInCache (165 bytes)
Event: 1.195 Thread 0x0000015fdf35ef10 nmethod 1172 0x0000015fcc4d9790 code [0x0000015fcc4d9a00, 0x0000015fcc4da878]
Event: 1.198 Thread 0x0000015fdf35ef10 1173       3       java.lang.invoke.MemberName::hashCode (43 bytes)
Event: 1.199 Thread 0x0000015fdf35ef10 nmethod 1173 0x0000015fcc4dac10 code [0x0000015fcc4dae60, 0x0000015fcc4dbb28]
Event: 1.199 Thread 0x0000015fdf35ef10 1174       3       java.lang.Byte::hashCode (8 bytes)
Event: 1.200 Thread 0x0000015fdf35ef10 nmethod 1174 0x0000015fcc4dbe90 code [0x0000015fcc4dc020, 0x0000015fcc4dc178]
Event: 1.200 Thread 0x0000015fdf35ef10 1175       3       java.lang.Byte::hashCode (2 bytes)
Event: 1.200 Thread 0x0000015fdf35ef10 nmethod 1175 0x0000015fcc4dc210 code [0x0000015fcc4dc3a0, 0x0000015fcc4dc498]
Event: 1.203 Thread 0x0000015fdf35ef10 1176       3       com.sun.javafx.css.StyleClassSet::containsAll (6 bytes)
Event: 1.203 Thread 0x0000015fdf35ef10 nmethod 1176 0x0000015fcc4dc510 code [0x0000015fcc4dc6a0, 0x0000015fcc4dc7e8]
Event: 1.204 Thread 0x0000015fdf35ef10 1177       1       javafx.css.Selector::getOrdinal (5 bytes)
Event: 1.204 Thread 0x0000015fdf35ef10 nmethod 1177 0x0000015fd3871710 code [0x0000015fd38718a0, 0x0000015fd3871978]

GC Heap History (6 events):
Event: 0.306 GC heap before
{Heap before GC invocations=0 (full 0):
 garbage-first heap   total 65536K, used 5120K [0x00000000c0000000, 0x0000000100000000)
  region size 1024K, 6 young (6144K), 0 survivors (0K)
 Metaspace       used 6442K, committed 6528K, reserved 1056768K
  class space    used 568K, committed 576K, reserved 1048576K
}
Event: 0.312 GC heap after
{Heap after GC invocations=1 (full 0):
 garbage-first heap   total 65536K, used 664K [0x00000000c0000000, 0x0000000100000000)
  region size 1024K, 1 young (1024K), 1 survivors (1024K)
 Metaspace       used 6442K, committed 6528K, reserved 1056768K
  class space    used 568K, committed 576K, reserved 1048576K
}
Event: 0.673 GC heap before
{Heap before GC invocations=1 (full 0):
 garbage-first heap   total 65536K, used 6808K [0x00000000c0000000, 0x0000000100000000)
  region size 1024K, 8 young (8192K), 1 survivors (1024K)
 Metaspace       used 9415K, committed 9536K, reserved 1064960K
  class space    used 891K, committed 960K, reserved 1048576K
}
Event: 0.677 GC heap after
{Heap after GC invocations=2 (full 0):
 garbage-first heap   total 65536K, used 1668K [0x00000000c0000000, 0x0000000100000000)
  region size 1024K, 1 young (1024K), 1 survivors (1024K)
 Metaspace       used 9415K, committed 9536K, reserved 1064960K
  class space    used 891K, committed 960K, reserved 1048576K
}
Event: 0.931 GC heap before
{Heap before GC invocations=2 (full 0):
 garbage-first heap   total 65536K, used 11908K [0x00000000c0000000, 0x0000000100000000)
  region size 1024K, 12 young (12288K), 1 survivors (1024K)
 Metaspace       used 13762K, committed 13952K, reserved 1064960K
  class space    used 1486K, committed 1600K, reserved 1048576K
}
Event: 0.936 GC heap after
{Heap after GC invocations=3 (full 0):
 garbage-first heap   total 65536K, used 3361K [0x00000000c0000000, 0x0000000100000000)
  region size 1024K, 2 young (2048K), 2 survivors (2048K)
 Metaspace       used 13762K, committed 13952K, reserved 1064960K
  class space    used 1486K, committed 1600K, reserved 1048576K
}

Deoptimization events (20 events):
Event: 0.996 Thread 0x0000015fe0473020 Uncommon trap: trap_request=0xffffff45 fr.pc=0x0000015fd386aae8 relative=0x0000000000000388
Event: 0.996 Thread 0x0000015fe0473020 Uncommon trap: reason=unstable_if action=reinterpret pc=0x0000015fd386aae8 method=java.util.HashMap.getNode(Ljava/lang/Object;)Ljava/util/HashMap$Node; @ 131 c2
Event: 0.996 Thread 0x0000015fe0473020 DEOPT PACKING pc=0x0000015fd386aae8 sp=0x00000022261fca30
Event: 0.996 Thread 0x0000015fe0473020 DEOPT UNPACKING pc=0x0000015fcbdb5c23 sp=0x00000022261fc950 mode 2
Event: 1.032 Thread 0x0000015fe0473020 Uncommon trap: trap_request=0xffffffc6 fr.pc=0x0000015fd3868240 relative=0x0000000000000560
Event: 1.032 Thread 0x0000015fe0473020 Uncommon trap: reason=bimorphic_or_optimized_type_check action=maybe_recompile pc=0x0000015fd3868240 method=java.util.concurrent.ConcurrentHashMap.get(Ljava/lang/Object;)Ljava/lang/Object; @ 149 c2
Event: 1.032 Thread 0x0000015fe0473020 DEOPT PACKING pc=0x0000015fd3868240 sp=0x00000022261fcd40
Event: 1.032 Thread 0x0000015fe0473020 DEOPT UNPACKING pc=0x0000015fcbdb5c23 sp=0x00000022261fcce0 mode 2
Event: 1.032 Thread 0x0000015fe0473020 Uncommon trap: trap_request=0xffffffc6 fr.pc=0x0000015fd3868240 relative=0x0000000000000560
Event: 1.032 Thread 0x0000015fe0473020 Uncommon trap: reason=bimorphic_or_optimized_type_check action=maybe_recompile pc=0x0000015fd3868240 method=java.util.concurrent.ConcurrentHashMap.get(Ljava/lang/Object;)Ljava/lang/Object; @ 149 c2
Event: 1.032 Thread 0x0000015fe0473020 DEOPT PACKING pc=0x0000015fd3868240 sp=0x00000022261fcd40
Event: 1.032 Thread 0x0000015fe0473020 DEOPT UNPACKING pc=0x0000015fcbdb5c23 sp=0x00000022261fcce0 mode 2
Event: 1.032 Thread 0x0000015fe0473020 Uncommon trap: trap_request=0xffffffc6 fr.pc=0x0000015fd3868240 relative=0x0000000000000560
Event: 1.032 Thread 0x0000015fe0473020 Uncommon trap: reason=bimorphic_or_optimized_type_check action=maybe_recompile pc=0x0000015fd3868240 method=java.util.concurrent.ConcurrentHashMap.get(Ljava/lang/Object;)Ljava/lang/Object; @ 149 c2
Event: 1.032 Thread 0x0000015fe0473020 DEOPT PACKING pc=0x0000015fd3868240 sp=0x00000022261fcd40
Event: 1.032 Thread 0x0000015fe0473020 DEOPT UNPACKING pc=0x0000015fcbdb5c23 sp=0x00000022261fcce0 mode 2
Event: 1.201 Thread 0x0000015fe0473020 Uncommon trap: trap_request=0xffffff45 fr.pc=0x0000015fd3861784 relative=0x00000000000000e4
Event: 1.201 Thread 0x0000015fe0473020 Uncommon trap: reason=unstable_if action=reinterpret pc=0x0000015fd3861784 method=java.util.HashMap.hash(Ljava/lang/Object;)I @ 1 c2
Event: 1.201 Thread 0x0000015fe0473020 DEOPT PACKING pc=0x0000015fd3861784 sp=0x00000022261fd640
Event: 1.201 Thread 0x0000015fe0473020 DEOPT UNPACKING pc=0x0000015fcbdb5c23 sp=0x00000022261fd580 mode 2

Classes unloaded (0 events):
No events

Classes redefined (0 events):
No events

Internal exceptions (19 events):
Event: 0.170 Thread 0x0000015fc869ec10 Exception <a 'java/lang/NoSuchMethodError'{0x00000000c3feb608}: 'void java.lang.invoke.DirectMethodHandle$Holder.invokeVirtual(java.lang.Object, java.lang.Object)'> (0x00000000c3feb608) 
thrown [e:\jenkins\tmp\workspace\build\src\src\hotspot\share\interpreter\linkResolver.cpp, line 766]
Event: 0.372 Thread 0x0000015fc869ec10 Exception <a 'java/lang/NoSuchMethodError'{0x00000000c3ffa828}: 'java.lang.Object java.lang.invoke.DirectMethodHandle$Holder.invokeStaticInit(java.lang.Object)'> (0x00000000c3ffa828) 
thrown [e:\jenkins\tmp\workspace\build\src\src\hotspot\share\interpreter\linkResolver.cpp, line 766]
Event: 0.376 Thread 0x0000015fc869ec10 Exception <a 'java/lang/NoSuchMethodError'{0x00000000c3e08108}: 'void java.lang.invoke.DirectMethodHandle$Holder.invokeStatic(java.lang.Object, java.lang.Object)'> (0x00000000c3e08108) 
thrown [e:\jenkins\tmp\workspace\build\src\src\hotspot\share\interpreter\linkResolver.cpp, line 766]
Event: 0.575 Thread 0x0000015fc869ec10 Exception <a 'java/lang/NoSuchMethodError'{0x00000000c3b12388}: 'void java.lang.invoke.DirectMethodHandle$Holder.invokeSpecial(java.lang.Object, java.lang.Object, java.lang.Object)'> (0x00000000c3b12388) 
thrown [e:\jenkins\tmp\workspace\build\src\src\hotspot\share\interpreter\linkResolver.cpp, line 766]
Event: 0.591 Thread 0x0000015fc869ec10 Exception <a 'java/lang/NoSuchMethodError'{0x00000000c3b495e8}: 'void java.lang.invoke.DirectMethodHandle$Holder.invokeStatic(java.lang.Object, java.lang.Object, java.lang.Object)'> (0x00000000c3b495e8) 
thrown [e:\jenkins\tmp\workspace\build\src\src\hotspot\share\interpreter\linkResolver.cpp, line 766]
Event: 0.622 Thread 0x0000015fc869ec10 Exception <a 'java/lang/NoSuchMethodError'{0x00000000c3bd2f68}: 'int java.lang.invoke.DirectMethodHandle$Holder.invokeStaticInit(java.lang.Object, java.lang.Object, java.lang.Object)'> (0x00000000c3bd2f68) 
thrown [e:\jenkins\tmp\workspace\build\src\src\hotspot\share\interpreter\linkResolver.cpp, line 766]
Event: 0.640 Thread 0x0000015fc869ec10 Exception <a 'java/lang/NoSuchMethodError'{0x00000000c3a89950}: 'java.lang.Object java.lang.invoke.DirectMethodHandle$Holder.newInvokeSpecial(java.lang.Object, java.lang.Object, int, java.lang.Object)'> (0x00000000c3a89950) 
thrown [e:\jenkins\tmp\workspace\build\src\src\hotspot\share\interpreter\linkResolver.cpp, line 766]
Event: 0.640 Thread 0x0000015fc869ec10 Exception <a 'java/lang/NoSuchMethodError'{0x00000000c3a8dd30}: 'java.lang.Object java.lang.invoke.DirectMethodHandle$Holder.invokeSpecial(java.lang.Object, java.lang.Object, java.lang.Object, int, java.lang.Object)'> (0x00000000c3a8dd30) 
thrown [e:\jenkins\tmp\workspace\build\src\src\hotspot\share\interpreter\linkResolver.cpp, line 766]
Event: 0.694 Thread 0x0000015fe0473020 Exception <a 'java/lang/NoSuchMethodError'{0x00000000c3e2b3f0}: 'void java.lang.invoke.DirectMethodHandle$Holder.invokeStaticInit(java.lang.Object)'> (0x00000000c3e2b3f0) 
thrown [e:\jenkins\tmp\workspace\build\src\src\hotspot\share\interpreter\linkResolver.cpp, line 766]
Event: 0.697 Thread 0x0000015fc869ec10 Exception <a 'java/lang/NoSuchMethodError'{0x00000000c3e43260}: 'java.lang.Object java.lang.invoke.DirectMethodHandle$Holder.newInvokeSpecial(java.lang.Object, java.lang.Object, java.lang.Object, java.lang.Object, java.lang.Object, java.lang.Object)'> (0x00000000c3e43260) 
thrown [e:\jenkins\tmp\workspace\build\src\src\hotspot\share\interpreter\linkResolver.cpp, line 766]
Event: 0.730 Thread 0x0000015fc869ec10 Exception <a 'java/lang/NoSuchMethodError'{0x00000000c3d81170}: 'java.lang.Object java.lang.invoke.DirectMethodHandle$Holder.newInvokeSpecial(java.lang.Object, java.lang.Object, java.lang.Object, java.lang.Object, java.lang.Object)'> (0x00000000c3d81170) 
thrown [e:\jenkins\tmp\workspace\build\src\src\hotspot\share\interpreter\linkResolver.cpp, line 766]
Event: 0.732 Thread 0x0000015fe06b2480 Exception <a 'java/lang/NoSuchMethodError'{0x00000000c3da46a8}: 'void java.lang.invoke.DirectMethodHandle$Holder.invokeStatic(java.lang.Object, java.lang.Object, java.lang.Object, java.lang.Object)'> (0x00000000c3da46a8) 
thrown [e:\jenkins\tmp\workspace\build\src\src\hotspot\share\interpreter\linkResolver.cpp, line 766]
Event: 0.784 Thread 0x0000015fe0473020 Exception <a 'sun/nio/fs/WindowsException'{0x00000000c3ba8560}> (0x00000000c3ba8560) 
thrown [e:\jenkins\tmp\workspace\build\src\src\hotspot\share\prims\jni.cpp, line 516]
Event: 0.839 Thread 0x0000015fe0473020 Exception <a 'java/lang/NoSuchMethodError'{0x00000000c39ea130}: 'java.lang.Object java.lang.invoke.DirectMethodHandle$Holder.invokeStaticInit(java.lang.Object, java.lang.Object, java.lang.Object, java.lang.Object)'> (0x00000000c39ea130) 
thrown [e:\jenkins\tmp\workspace\build\src\src\hotspot\share\interpreter\linkResolver.cpp, line 766]
Event: 0.840 Thread 0x0000015fe0473020 Exception <a 'java/lang/NullPointerException'{0x00000000c39f5fa8}> (0x00000000c39f5fa8) 
thrown [e:\jenkins\tmp\workspace\build\src\src\hotspot\share\interpreter\linkResolver.cpp, line 1357]
Event: 0.845 Thread 0x0000015fe0473020 Exception <a 'java/lang/NoSuchMethodError'{0x00000000c3821020}: 'void java.lang.invoke.DirectMethodHandle$Holder.invokeSpecial(java.lang.Object, java.lang.Object, java.lang.Object, java.lang.Object, java.lang.Object)'> (0x00000000c3821020) 
thrown [e:\jenkins\tmp\workspace\build\src\src\hotspot\share\interpreter\linkResolver.cpp, line 766]
Event: 1.020 Thread 0x0000015fe0473020 Exception <a 'java/lang/NoSuchMethodError'{0x00000000c3c70150}: 'void java.lang.invoke.DirectMethodHandle$Holder.invokeStaticInit(java.lang.Object, java.lang.Object)'> (0x00000000c3c70150) 
thrown [e:\jenkins\tmp\workspace\build\src\src\hotspot\share\interpreter\linkResolver.cpp, line 766]
Event: 1.168 Thread 0x0000015fe0473020 Exception <a 'sun/nio/fs/WindowsException'{0x00000000c386e3d0}> (0x00000000c386e3d0) 
thrown [e:\jenkins\tmp\workspace\build\src\src\hotspot\share\prims\jni.cpp, line 516]
Event: 1.201 Thread 0x0000015fe0473020 Implicit null exception at 0x0000015fd38616e0 to 0x0000015fd386177a

VM Operations (14 events):
Event: 0.305 Executing VM operation: G1CollectForAllocation
Event: 0.312 Executing VM operation: G1CollectForAllocation done
Event: 0.314 Executing VM operation: HandshakeAllThreads
Event: 0.314 Executing VM operation: HandshakeAllThreads done
Event: 0.632 Executing VM operation: HandshakeAllThreads
Event: 0.632 Executing VM operation: HandshakeAllThreads done
Event: 0.673 Executing VM operation: G1CollectForAllocation
Event: 0.677 Executing VM operation: G1CollectForAllocation done
Event: 0.919 Executing VM operation: HandshakeAllThreads
Event: 0.919 Executing VM operation: HandshakeAllThreads done
Event: 0.931 Executing VM operation: G1CollectForAllocation
Event: 0.936 Executing VM operation: G1CollectForAllocation done
Event: 1.054 Executing VM operation: HandshakeAllThreads
Event: 1.054 Executing VM operation: HandshakeAllThreads done

Events (20 events):
Event: 1.180 loading class java/util/Collections$SynchronizedSet
Event: 1.180 loading class java/util/Collections$SynchronizedCollection
Event: 1.180 loading class java/util/Collections$SynchronizedCollection done
Event: 1.180 loading class java/util/Collections$SynchronizedSet done
Event: 1.181 loading class java/util/concurrent/ConcurrentHashMap$EntryIterator
Event: 1.181 loading class java/util/concurrent/ConcurrentHashMap$EntryIterator done
Event: 1.181 loading class java/util/concurrent/ConcurrentHashMap$MapEntry
Event: 1.181 loading class java/util/concurrent/ConcurrentHashMap$MapEntry done
Event: 1.181 loading class java/util/Hashtable$Enumerator
Event: 1.181 loading class java/util/Hashtable$Enumerator done
Event: 1.182 loading class java/util/ArrayList$ArrayListSpliterator
Event: 1.182 loading class java/util/ArrayList$ArrayListSpliterator done
Event: 1.183 loading class java/util/IdentityHashMap$Values
Event: 1.183 loading class java/util/IdentityHashMap$Values done
Event: 1.183 loading class java/util/logging/LogManager$4
Event: 1.183 loading class java/util/logging/LogManager$4 done
Event: 1.184 loading class sun/util/logging/internal/LoggingProviderImpl$JULWrapper
Event: 1.184 loading class sun/util/logging/PlatformLogger$ConfigurableBridge$LoggerConfiguration
Event: 1.184 loading class sun/util/logging/PlatformLogger$ConfigurableBridge$LoggerConfiguration done
Event: 1.184 loading class sun/util/logging/internal/LoggingProviderImpl$JULWrapper done


Dynamic libraries:
0x00007ff743c70000 - 0x00007ff743c7e000 	C:\Program Files\Eclipse\plugins\org.eclipse.justj.openjdk.hotspot.jre.full.win32.x86_64_17.0.3.v20220515-1416\jre\bin\javaw.exe
0x00007ffd3b0a0000 - 0x00007ffd3b2a9000 	C:\Windows\SYSTEM32\ntdll.dll
0x00007ffd38f20000 - 0x00007ffd38fde000 	C:\Windows\System32\KERNEL32.DLL
0x00007ffd386c0000 - 0x00007ffd38a3b000 	C:\Windows\System32\KERNELBASE.dll
0x00007ffd385a0000 - 0x00007ffd386b1000 	C:\Windows\System32\ucrtbase.dll
0x00007ffd13360000 - 0x00007ffd13379000 	C:\Program Files\Eclipse\plugins\org.eclipse.justj.openjdk.hotspot.jre.full.win32.x86_64_17.0.3.v20220515-1416\jre\bin\VCRUNTIME140.dll
0x00007ffd34440000 - 0x00007ffd34458000 	C:\Program Files\Eclipse\plugins\org.eclipse.justj.openjdk.hotspot.jre.full.win32.x86_64_17.0.3.v20220515-1416\jre\bin\jli.dll
0x00007ffd3a6f0000 - 0x00007ffd3a89d000 	C:\Windows\System32\USER32.dll
0x00007ffd38570000 - 0x00007ffd38596000 	C:\Windows\System32\win32u.dll
0x00007ffd39790000 - 0x00007ffd397b9000 	C:\Windows\System32\GDI32.dll
0x00007ffd38a40000 - 0x00007ffd38b58000 	C:\Windows\System32\gdi32full.dll
0x00007ffd38b60000 - 0x00007ffd38bfd000 	C:\Windows\System32\msvcp_win.dll
0x00007ffd12390000 - 0x00007ffd12635000 	C:\Windows\WinSxS\amd64_microsoft.windows.common-controls_6595b64144ccf1df_6.0.22000.120_none_9d947278b86cc467\COMCTL32.dll
0x00007ffd3a1b0000 - 0x00007ffd3a253000 	C:\Windows\System32\msvcrt.dll
0x00007ffd393d0000 - 0x00007ffd39402000 	C:\Windows\System32\IMM32.DLL
0x00007ffd13350000 - 0x00007ffd1335c000 	C:\Program Files\Eclipse\plugins\org.eclipse.justj.openjdk.hotspot.jre.full.win32.x86_64_17.0.3.v20220515-1416\jre\bin\vcruntime140_1.dll
0x00007ffd1a8b0000 - 0x00007ffd1a941000 	C:\Program Files\Eclipse\plugins\org.eclipse.justj.openjdk.hotspot.jre.full.win32.x86_64_17.0.3.v20220515-1416\jre\bin\msvcp140.dll
0x00007ffcfc5a0000 - 0x00007ffcfd1e8000 	C:\Program Files\Eclipse\plugins\org.eclipse.justj.openjdk.hotspot.jre.full.win32.x86_64_17.0.3.v20220515-1416\jre\bin\server\jvm.dll
0x00007ffd399b0000 - 0x00007ffd39a5e000 	C:\Windows\System32\ADVAPI32.dll
0x00007ffd3a500000 - 0x00007ffd3a59e000 	C:\Windows\System32\sechost.dll
0x00007ffd39020000 - 0x00007ffd39140000 	C:\Windows\System32\RPCRT4.dll
0x00007ffd3a2c0000 - 0x00007ffd3a2c8000 	C:\Windows\System32\PSAPI.DLL
0x00007ffd18b40000 - 0x00007ffd18b49000 	C:\Windows\SYSTEM32\WSOCK32.dll
0x00007ffd3a2d0000 - 0x00007ffd3a33f000 	C:\Windows\System32\WS2_32.dll
0x00007ffd30480000 - 0x00007ffd304b3000 	C:\Windows\SYSTEM32\WINMM.dll
0x00007ffd2de60000 - 0x00007ffd2de6a000 	C:\Windows\SYSTEM32\VERSION.dll
0x00007ffd375f0000 - 0x00007ffd37608000 	C:\Windows\SYSTEM32\kernel.appcore.dll
0x00007ffd13340000 - 0x00007ffd1334a000 	C:\Program Files\Eclipse\plugins\org.eclipse.justj.openjdk.hotspot.jre.full.win32.x86_64_17.0.3.v20220515-1416\jre\bin\jimage.dll
0x00007ffd2ae10000 - 0x00007ffd2b031000 	C:\Windows\SYSTEM32\DBGHELP.DLL
0x00007ffd2f640000 - 0x00007ffd2f671000 	C:\Windows\SYSTEM32\dbgcore.DLL
0x00007ffd38c00000 - 0x00007ffd38c7f000 	C:\Windows\System32\bcryptPrimitives.dll
0x00007ffd07800000 - 0x00007ffd07825000 	C:\Program Files\Eclipse\plugins\org.eclipse.justj.openjdk.hotspot.jre.full.win32.x86_64_17.0.3.v20220515-1416\jre\bin\java.dll
0x00007ffd13320000 - 0x00007ffd13338000 	C:\Program Files\Eclipse\plugins\org.eclipse.justj.openjdk.hotspot.jre.full.win32.x86_64_17.0.3.v20220515-1416\jre\bin\zip.dll
0x00007ffd3a8a0000 - 0x00007ffd3b057000 	C:\Windows\System32\SHELL32.dll
0x00007ffd36660000 - 0x00007ffd36ec5000 	C:\Windows\SYSTEM32\windows.storage.dll
0x00007ffd39410000 - 0x00007ffd39788000 	C:\Windows\System32\combase.dll
0x00007ffd364f0000 - 0x00007ffd36656000 	C:\Windows\SYSTEM32\wintypes.dll
0x00007ffd39140000 - 0x00007ffd3922a000 	C:\Windows\System32\SHCORE.dll
0x00007ffd3a350000 - 0x00007ffd3a3ad000 	C:\Windows\System32\shlwapi.dll
0x00007ffd384a0000 - 0x00007ffd384c1000 	C:\Windows\SYSTEM32\profapi.dll
0x00007ffd077e0000 - 0x00007ffd077f9000 	C:\Program Files\Eclipse\plugins\org.eclipse.justj.openjdk.hotspot.jre.full.win32.x86_64_17.0.3.v20220515-1416\jre\bin\net.dll
0x00007ffd31740000 - 0x00007ffd31854000 	C:\Windows\SYSTEM32\WINHTTP.dll
0x00007ffd37a90000 - 0x00007ffd37af7000 	C:\Windows\system32\mswsock.dll
0x00007ffcfe350000 - 0x00007ffcfe365000 	C:\Program Files\Eclipse\plugins\org.eclipse.justj.openjdk.hotspot.jre.full.win32.x86_64_17.0.3.v20220515-1416\jre\bin\nio.dll
0x0000015fc66c0000 - 0x0000015fc66c3000 	C:\JavaFX\javafx-sdk-16\bin\api-ms-win-core-console-l1-1-0.dll
0x0000015fdf3b0000 - 0x0000015fdf3b3000 	C:\JavaFX\javafx-sdk-16\bin\api-ms-win-core-console-l1-2-0.dll
0x0000015fdf3c0000 - 0x0000015fdf3c3000 	C:\JavaFX\javafx-sdk-16\bin\api-ms-win-core-datetime-l1-1-0.dll
0x0000015fdf3d0000 - 0x0000015fdf3d3000 	C:\JavaFX\javafx-sdk-16\bin\api-ms-win-core-debug-l1-1-0.dll
0x0000015fdf3e0000 - 0x0000015fdf3e3000 	C:\JavaFX\javafx-sdk-16\bin\api-ms-win-core-errorhandling-l1-1-0.dll
0x0000015fdf3f0000 - 0x0000015fdf3f4000 	C:\JavaFX\javafx-sdk-16\bin\api-ms-win-core-file-l1-1-0.dll
0x0000015fe18d0000 - 0x0000015fe18d3000 	C:\JavaFX\javafx-sdk-16\bin\api-ms-win-core-file-l1-2-0.dll
0x0000015fe18e0000 - 0x0000015fe18e3000 	C:\JavaFX\javafx-sdk-16\bin\api-ms-win-core-file-l2-1-0.dll
0x0000015fe18f0000 - 0x0000015fe18f3000 	C:\JavaFX\javafx-sdk-16\bin\api-ms-win-core-handle-l1-1-0.dll
0x0000015fe1900000 - 0x0000015fe1903000 	C:\JavaFX\javafx-sdk-16\bin\api-ms-win-core-heap-l1-1-0.dll
0x0000015fe1910000 - 0x0000015fe1913000 	C:\JavaFX\javafx-sdk-16\bin\api-ms-win-core-interlocked-l1-1-0.dll
0x0000015fe1920000 - 0x0000015fe1923000 	C:\JavaFX\javafx-sdk-16\bin\api-ms-win-core-libraryloader-l1-1-0.dll
0x0000015fe1930000 - 0x0000015fe1933000 	C:\JavaFX\javafx-sdk-16\bin\api-ms-win-core-localization-l1-2-0.dll
0x0000015fe1940000 - 0x0000015fe1943000 	C:\JavaFX\javafx-sdk-16\bin\api-ms-win-core-memory-l1-1-0.dll
0x0000015fe1950000 - 0x0000015fe1953000 	C:\JavaFX\javafx-sdk-16\bin\api-ms-win-core-namedpipe-l1-1-0.dll
0x0000015fe1960000 - 0x0000015fe1963000 	C:\JavaFX\javafx-sdk-16\bin\api-ms-win-core-processenvironment-l1-1-0.dll
0x0000015fe1970000 - 0x0000015fe1973000 	C:\JavaFX\javafx-sdk-16\bin\api-ms-win-core-processthreads-l1-1-0.dll
0x0000015fe1980000 - 0x0000015fe1983000 	C:\JavaFX\javafx-sdk-16\bin\api-ms-win-core-processthreads-l1-1-1.dll
0x0000015fe1990000 - 0x0000015fe1993000 	C:\JavaFX\javafx-sdk-16\bin\api-ms-win-core-profile-l1-1-0.dll
0x0000015fe19a0000 - 0x0000015fe19a3000 	C:\JavaFX\javafx-sdk-16\bin\api-ms-win-core-rtlsupport-l1-1-0.dll
0x0000015fe19b0000 - 0x0000015fe19b3000 	C:\JavaFX\javafx-sdk-16\bin\api-ms-win-core-string-l1-1-0.dll
0x0000015fe19c0000 - 0x0000015fe19c3000 	C:\JavaFX\javafx-sdk-16\bin\api-ms-win-core-synch-l1-1-0.dll
0x0000015fe19d0000 - 0x0000015fe19d3000 	C:\JavaFX\javafx-sdk-16\bin\api-ms-win-core-synch-l1-2-0.dll
0x0000015fe19e0000 - 0x0000015fe19e3000 	C:\JavaFX\javafx-sdk-16\bin\api-ms-win-core-sysinfo-l1-1-0.dll
0x0000015fe19f0000 - 0x0000015fe19f3000 	C:\JavaFX\javafx-sdk-16\bin\api-ms-win-core-timezone-l1-1-0.dll
0x0000015fe1a00000 - 0x0000015fe1a03000 	C:\JavaFX\javafx-sdk-16\bin\api-ms-win-core-util-l1-1-0.dll
0x0000015fe1a10000 - 0x0000015fe1a13000 	C:\JavaFX\javafx-sdk-16\bin\api-ms-win-crt-conio-l1-1-0.dll
0x0000015fe1a20000 - 0x0000015fe1a24000 	C:\JavaFX\javafx-sdk-16\bin\api-ms-win-crt-convert-l1-1-0.dll
0x0000015fe1a30000 - 0x0000015fe1a33000 	C:\JavaFX\javafx-sdk-16\bin\api-ms-win-crt-environment-l1-1-0.dll
0x0000015fe1a40000 - 0x0000015fe1a43000 	C:\JavaFX\javafx-sdk-16\bin\api-ms-win-crt-filesystem-l1-1-0.dll
0x0000015fe1a50000 - 0x0000015fe1a53000 	C:\JavaFX\javafx-sdk-16\bin\api-ms-win-crt-heap-l1-1-0.dll
0x0000015fe1a60000 - 0x0000015fe1a63000 	C:\JavaFX\javafx-sdk-16\bin\api-ms-win-crt-locale-l1-1-0.dll
0x0000015fe1a70000 - 0x0000015fe1a75000 	C:\JavaFX\javafx-sdk-16\bin\api-ms-win-crt-math-l1-1-0.dll
0x0000015fe1a80000 - 0x0000015fe1a85000 	C:\JavaFX\javafx-sdk-16\bin\api-ms-win-crt-multibyte-l1-1-0.dll
0x0000015fe1a90000 - 0x0000015fe1aa0000 	C:\JavaFX\javafx-sdk-16\bin\api-ms-win-crt-private-l1-1-0.dll
0x0000015fe1aa0000 - 0x0000015fe1aa3000 	C:\JavaFX\javafx-sdk-16\bin\api-ms-win-crt-process-l1-1-0.dll
0x0000015fe1ab0000 - 0x0000015fe1ab4000 	C:\JavaFX\javafx-sdk-16\bin\api-ms-win-crt-runtime-l1-1-0.dll
0x0000015fe1ac0000 - 0x0000015fe1ac4000 	C:\JavaFX\javafx-sdk-16\bin\api-ms-win-crt-stdio-l1-1-0.dll
0x0000015fe1ad0000 - 0x0000015fe1ad4000 	C:\JavaFX\javafx-sdk-16\bin\api-ms-win-crt-string-l1-1-0.dll
0x0000015fe1ae0000 - 0x0000015fe1ae3000 	C:\JavaFX\javafx-sdk-16\bin\api-ms-win-crt-time-l1-1-0.dll
0x0000015fe1af0000 - 0x0000015fe1af3000 	C:\JavaFX\javafx-sdk-16\bin\api-ms-win-crt-utility-l1-1-0.dll
0x00007ffd2f4c0000 - 0x00007ffd2f5bc000 	C:\JavaFX\javafx-sdk-16\bin\ucrtbase.dll
0x00007ffd34400000 - 0x00007ffd34419000 	C:\JavaFX\javafx-sdk-16\bin\vcruntime140.dll
0x00007ffd34460000 - 0x00007ffd3446c000 	C:\JavaFX\javafx-sdk-16\bin\vcruntime140_1.dll
0x00007ffd27e00000 - 0x00007ffd27e91000 	C:\JavaFX\javafx-sdk-16\bin\msvcp140.dll
0x00007ffd32c20000 - 0x00007ffd32c47000 	C:\JavaFX\javafx-sdk-16\bin\prism_d3d.dll
0x00007ffd278b0000 - 0x00007ffd27a56000 	C:\Windows\system32\d3d9.dll
0x00007ffd35ee0000 - 0x00007ffd35f0f000 	C:\Windows\SYSTEM32\dwmapi.dll
0x00007ffd35d60000 - 0x00007ffd35d98000 	C:\Windows\SYSTEM32\dxcore.dll
0x00007ffd35c40000 - 0x00007ffd35cec000 	C:\Windows\system32\uxtheme.dll
0x00007ffd34110000 - 0x00007ffd34154000 	C:\Windows\SYSTEM32\directxdatabasehelper.dll
0x00007ffd37610000 - 0x00007ffd37644000 	C:\Windows\SYSTEM32\ntmarta.dll
0x00007ffd2f470000 - 0x00007ffd2f4b2000 	C:\JavaFX\javafx-sdk-16\bin\glass.dll
0x00007ffd3a3b0000 - 0x00007ffd3a49c000 	C:\Windows\System32\COMDLG32.dll
0x00007ffd39230000 - 0x00007ffd393ca000 	C:\Windows\System32\ole32.dll
0x00007ffd3a610000 - 0x00007ffd3a6e6000 	C:\Windows\System32\OLEAUT32.dll
0x00007ffd39a60000 - 0x00007ffd39b7d000 	C:\Windows\System32\MSCTF.dll
0x00007ffd32d20000 - 0x00007ffd33422000 	C:\Windows\SYSTEM32\d3d10warp.dll
0x00007ffd343e0000 - 0x00007ffd343f4000 	C:\JavaFX\javafx-sdk-16\bin\javafx_font.dll
0x00007ffd250c0000 - 0x00007ffd2531f000 	C:\Windows\SYSTEM32\dwrite.dll

dbghelp: loaded successfully - version: 4.0.5 - missing functions: none
symbol engine: initialized successfully - sym options: 0x614 - pdb path: .;C:\Program Files\Eclipse\plugins\org.eclipse.justj.openjdk.hotspot.jre.full.win32.x86_64_17.0.3.v20220515-1416\jre\bin;C:\Windows\SYSTEM32;C:\Windows\WinSxS\amd64_microsoft.windows.common-controls_6595b64144ccf1df_6.0.22000.120_none_9d947278b86cc467;C:\Program Files\Eclipse\plugins\org.eclipse.justj.openjdk.hotspot.jre.full.win32.x86_64_17.0.3.v20220515-1416\jre\bin\server;C:\JavaFX\javafx-sdk-16\bin

VM Arguments:
jvm_args: -Dfile.encoding=UTF-8 --module-path=C:\Users\CS219-user\eclipse-workspace\SeyarHazratGradeCalculator\bin;C:\JavaFX\javafx-sdk-16\lib\javafx-swt.jar;C:\JavaFX\javafx-sdk-16\lib\javafx.base.jar;C:\JavaFX\javafx-sdk-16\lib\javafx.controls.jar;C:\JavaFX\javafx-sdk-16\lib\javafx.fxml.jar;C:\JavaFX\javafx-sdk-16\lib\javafx.graphics.jar;C:\JavaFX\javafx-sdk-16\lib\javafx.media.jar;C:\JavaFX\javafx-sdk-16\lib\javafx.swing.jar;C:\JavaFX\javafx-sdk-16\lib\javafx.web.jar;C:\Program Files\Eclipse\plugins\org.eclipse.fx.ide.css.jfx8_3.8.0.202204150904.jar -XX:+ShowCodeDetailsInExceptionMessages -Djdk.module.main=SeyarHazratGradeCalculator 
java_command: SeyarHazratGradeCalculator/application.Main
java_class_path (initial): <not set>
Launcher Type: SUN_STANDARD

[Global flags]
     intx CICompilerCount                          = 2                                         {product} {ergonomic}
     uint ConcGCThreads                            = 1                                         {product} {ergonomic}
     uint G1ConcRefinementThreads                  = 2                                         {product} {ergonomic}
   size_t G1HeapRegionSize                         = 1048576                                   {product} {ergonomic}
    uintx GCDrainStackTargetSize                   = 64                                        {product} {ergonomic}
   size_t InitialHeapSize                          = 67108864                                  {product} {ergonomic}
   size_t MarkStackSize                            = 4194304                                   {product} {ergonomic}
   size_t MaxHeapSize                              = 1073741824                                {product} {ergonomic}
   size_t MaxNewSize                               = 643825664                                 {product} {ergonomic}
   size_t MinHeapDeltaBytes                        = 1048576                                   {product} {ergonomic}
   size_t MinHeapSize                              = 8388608                                   {product} {ergonomic}
    uintx NonNMethodCodeHeapSize                   = 5826188                                {pd product} {ergonomic}
    uintx NonProfiledCodeHeapSize                  = 122916026                              {pd product} {ergonomic}
    uintx ProfiledCodeHeapSize                     = 122916026                              {pd product} {ergonomic}
    uintx ReservedCodeCacheSize                    = 251658240                              {pd product} {ergonomic}
     bool SegmentedCodeCache                       = true                                      {product} {ergonomic}
     bool ShowCodeDetailsInExceptionMessages       = true                                   {manageable} {command line}
   size_t SoftMaxHeapSize                          = 1073741824                             {manageable} {ergonomic}
     bool UseCompressedClassPointers               = true                           {product lp64_product} {ergonomic}
     bool UseCompressedOops                        = true                           {product lp64_product} {ergonomic}
     bool UseG1GC                                  = true                                      {product} {ergonomic}
     bool UseLargePagesIndividualAllocation        = false                                  {pd product} {ergonomic}

Logging:
Log output configuration:
 #0: stdout all=warning uptime,level,tags
 #1: stderr all=off uptime,level,tags

Environment Variables:
PATH=C:/Program Files/eclipse//plugins/org.eclipse.justj.openjdk.hotspot.jre.full.win32.x86_64_17.0.3.v20220515-1416/jre/bin/server;C:/Program Files/eclipse//plugins/org.eclipse.justj.openjdk.hotspot.jre.full.win32.x86_64_17.0.3.v20220515-1416/jre/bin;C:\Program Files\Python311\Scripts\;C:\Program Files\Python311\;C:\Program Files\Common Files\Oracle\Java\javapath;C:\Windows\system32;C:\Windows;C:\Windows\System32\Wbem;C:\Windows\System32\WindowsPowerShell\v1.0\;C:\Windows\System32\OpenSSH\;C:\Users\CS219-user\AppData\Local\Microsoft\WindowsApps;;C:\Program Files\eclipse;
USERNAME=CS219-user
OS=Windows_NT
PROCESSOR_IDENTIFIER=Intel64 Family 6 Model 85 Stepping 7, GenuineIntel



---------------  S Y S T E M  ---------------

OS:
 Windows 11 , 64 bit Build 22000 (10.0.22000.1335)
OS uptime: 0 days 1:55 hours
Hyper-V virtualization detected

CPU: total 2 (initial active 2) (1 cores per cpu, 2 threads per core) family 6 model 85 stepping 7 microcode 0xffffffff, cx8, cmov, fxsr, ht, mmx, 3dnowpref, sse, sse2, sse3, ssse3, sse4.1, sse4.2, popcnt, lzcnt, tsc, avx, avx2, aes, erms, clmul, bmi1, bmi2, rtm, adx, avx512f, avx512dq, avx512cd, avx512bw, avx512vl, fma, vzeroupper, clflush, clflushopt, hv

Memory: 4k page, system-wide physical 4094M (396M free)
TotalPageFile size 6142M (AvailPageFile size 4M)
current process WorkingSet (physical memory assigned to process): 95M, peak: 95M
current process commit charge ("private bytes"): 175M, peak: 175M

vm_info: OpenJDK 64-Bit Server VM (17.0.3+7) for windows-amd64 JRE (17.0.3+7), built on Apr 19 2022 16:55:35 by "" with MS VC++ 16.7 (VS2019)

END.
